#
# There is insufficient memory for the Java Runtime Environment to continue.
# Native memory allocation (malloc) failed to allocate 1032256 bytes for Chunk::new
# Possible reasons:
#   The system is out of physical RAM or swap space
#   The process is running with CompressedOops enabled, and the Java Heap may be blocking the growth of the native heap
# Possible solutions:
#   Reduce memory load on the system
#   Increase physical memory or swap space
#   Check if swap backing store is full
#   Decrease Java heap size (-Xmx/-Xms)
#   Decrease number of Java threads
#   Decrease Java thread stack sizes (-Xss)
#   Set larger code cache with -XX:ReservedCodeCacheSize=
#   JVM is running with Unscaled Compressed Oops mode in which the Java heap is
#     placed in the first 4GB address space. The Java Heap base address is the
#     maximum limit for the native heap growth. Please use -XX:HeapBaseMinAddress
#     to set the Java Heap base and to place the Java Heap above 4GB virtual address.
# This output file may be truncated or incomplete.
#
#  Out of Memory Error (t:/workspace/open/src/hotspot/share/memory/arena.cpp:197), pid=14472, tid=22884
#
# JRE version: Java(TM) SE Runtime Environment (12.0.2+10) (build 12.0.2+10)
# Java VM: Java HotSpot(TM) 64-Bit Server VM (12.0.2+10, mixed mode, sharing, tiered, compressed oops, g1 gc, windows-amd64)
# No core dump will be written. Minidumps are not enabled by default on client versions of Windows
#

---------------  S U M M A R Y ------------

Command Line: -javaagent:C:\Program Files\JetBrains\IntelliJ IDEA Community Edition 2022.2\lib\idea_rt.jar=59246:C:\Program Files\JetBrains\IntelliJ IDEA Community Edition 2022.2\bin -Dfile.encoding=UTF-8 com.bank.person.PersonApplication

Host: Intel(R) Core(TM) i5-10210U CPU @ 1.60GHz, 8 cores, 7G,  Windows 10 , 64 bit Build 18362 (10.0.18362.1766)
Time: Fri Aug 26 17:48:55 2022 Hora est. Pacífico, Sudamérica elapsed time: 11 seconds (0d 0h 0m 11s)

---------------  T H R E A D  ---------------

Current thread (0x0000027e7caf0000):  JavaThread "C2 CompilerThread0" daemon [_thread_in_native, id=22884, stack(0x000000a8e8300000,0x000000a8e8400000)]


Current CompileTask:
C2:  11678 5101       4       org.springframework.beans.factory.support.AbstractBeanFactory::isTypeMatch (607 bytes)

Stack: [0x000000a8e8300000,0x000000a8e8400000]
Native frames: (J=compiled Java code, j=interpreted, Vv=VM code, C=native code)
V  [jvm.dll+0x63aa2a]
V  [jvm.dll+0x78ce1e]
V  [jvm.dll+0x78e4c1]
V  [jvm.dll+0x78eb13]
V  [jvm.dll+0x2627e8]
V  [jvm.dll+0xc55cc]
V  [jvm.dll+0xc5b4c]
V  [jvm.dll+0x2d4034]
V  [jvm.dll+0x5569ad]
V  [jvm.dll+0x2246f7]
V  [jvm.dll+0x21e313]
V  [jvm.dll+0x21b2b6]
V  [jvm.dll+0x199a20]
V  [jvm.dll+0x22a744]
V  [jvm.dll+0x228d98]
V  [jvm.dll+0x7512a0]
V  [jvm.dll+0x74a2c8]
V  [jvm.dll+0x639b16]
C  [ucrtbase.dll+0x210b2]
C  [KERNEL32.DLL+0x17c24]
C  [ntdll.dll+0x6d721]


---------------  P R O C E S S  ---------------

Threads class SMR info:
_java_thread_list=0x0000027e1166ec00, length=16, elements={
0x0000027e6c7aa800, 0x0000027e7cad9800, 0x0000027e7cadb800, 0x0000027e7caec000,
0x0000027e7caed000, 0x0000027e7caf0000, 0x0000027e7cafd000, 0x0000027e7d438800,
0x0000027e7cab7800, 0x0000027e7d82d000, 0x0000027e7d82e000, 0x0000027e7ec16000,
0x0000027e0f184000, 0x0000027e0f183000, 0x0000027e0f182800, 0x0000027e0f17e800
}

Java Threads: ( => current thread )
  0x0000027e6c7aa800 JavaThread "main" [_thread_in_Java, id=21772, stack(0x000000a8e7800000,0x000000a8e7900000)]
  0x0000027e7cad9800 JavaThread "Reference Handler" daemon [_thread_blocked, id=9780, stack(0x000000a8e7f00000,0x000000a8e8000000)]
  0x0000027e7cadb800 JavaThread "Finalizer" daemon [_thread_blocked, id=21568, stack(0x000000a8e8000000,0x000000a8e8100000)]
  0x0000027e7caec000 JavaThread "Signal Dispatcher" daemon [_thread_blocked, id=16808, stack(0x000000a8e8100000,0x000000a8e8200000)]
  0x0000027e7caed000 JavaThread "Attach Listener" daemon [_thread_blocked, id=21464, stack(0x000000a8e8200000,0x000000a8e8300000)]
=>0x0000027e7caf0000 JavaThread "C2 CompilerThread0" daemon [_thread_in_native, id=22884, stack(0x000000a8e8300000,0x000000a8e8400000)]
  0x0000027e7cafd000 JavaThread "C1 CompilerThread0" daemon [_thread_in_vm, id=21316, stack(0x000000a8e8400000,0x000000a8e8500000)]
  0x0000027e7d438800 JavaThread "Sweeper thread" daemon [_thread_blocked, id=21812, stack(0x000000a8e8500000,0x000000a8e8600000)]
  0x0000027e7cab7800 JavaThread "Common-Cleaner" daemon [_thread_blocked, id=15676, stack(0x000000a8e8600000,0x000000a8e8700000)]
  0x0000027e7d82d000 JavaThread "Monitor Ctrl-Break" daemon [_thread_in_native, id=21528, stack(0x000000a8e8800000,0x000000a8e8900000)]
  0x0000027e7d82e000 JavaThread "Service Thread" daemon [_thread_blocked, id=22236, stack(0x000000a8e8900000,0x000000a8e8a00000)]
  0x0000027e7ec16000 JavaThread "Keep-Alive-Timer" daemon [_thread_blocked, id=23184, stack(0x000000a8e8d00000,0x000000a8e8e00000)]
  0x0000027e0f184000 JavaThread "boundedElastic-evictor-1" daemon [_thread_blocked, id=20944, stack(0x000000a8e8700000,0x000000a8e8800000)]
  0x0000027e0f183000 JavaThread "AsyncGetter-2-thread-1" daemon [_thread_blocked, id=12368, stack(0x000000a8e8e00000,0x000000a8e8f00000)]
  0x0000027e0f182800 JavaThread "cluster-ClusterId{value='63094dd637cfc93c0560f907', description='null'}-localhost:27017" daemon [_thread_blocked, id=22440, stack(0x000000a8e9200000,0x000000a8e9300000)]
  0x0000027e0f17e800 JavaThread "cluster-rtt-ClusterId{value='63094dd637cfc93c0560f907', description='null'}-localhost:27017" daemon [_thread_in_native, id=18408, stack(0x000000a8e9300000,0x000000a8e9400000)]

Other Threads:
  0x0000027e7cad1000 VMThread "VM Thread" [stack: 0x000000a8e7e00000,0x000000a8e7f00000] [id=22200]
  0x0000027e7d7d7000 WatcherThread [stack: 0x000000a8e8a00000,0x000000a8e8b00000] [id=16044]
  0x0000027e6c7e7800 GCTaskThread "GC Thread#0" [stack: 0x000000a8e7900000,0x000000a8e7a00000] [id=20744]
  0x0000027e7e7aa000 GCTaskThread "GC Thread#1" [stack: 0x000000a8e8c00000,0x000000a8e8d00000] [id=23120]
  0x0000027e7f061800 GCTaskThread "GC Thread#2" [stack: 0x000000a8e8f00000,0x000000a8e9000000] [id=14844]
  0x0000027e7ee92800 GCTaskThread "GC Thread#3" [stack: 0x000000a8e9000000,0x000000a8e9100000] [id=4472]
  0x0000027e6c7f5800 ConcurrentGCThread "G1 Main Marker" [stack: 0x000000a8e7a00000,0x000000a8e7b00000] [id=23200]
  0x0000027e6c7f8800 ConcurrentGCThread "G1 Conc#0" [stack: 0x000000a8e7b00000,0x000000a8e7c00000] [id=21860]
  0x0000027e7eee7000 ConcurrentGCThread "G1 Conc#1" [stack: 0x000000a8e9100000,0x000000a8e9200000] [id=4640]
  0x0000027e6c85e000 ConcurrentGCThread "G1 Refine#0" [stack: 0x000000a8e7c00000,0x000000a8e7d00000] [id=22700]
  0x0000027e7c93e000 ConcurrentGCThread "G1 Young RemSet Sampling" [stack: 0x000000a8e7d00000,0x000000a8e7e00000] [id=22712]

Threads with active compile tasks:
C2 CompilerThread0  5101       4       org.springframework.beans.factory.support.AbstractBeanFactory::isTypeMatch (607 bytes)

VM state:not at safepoint (normal execution)

VM Mutex/Monitor currently owned by a thread: None

Heap address: 0x0000000084600000, size: 1978 MB, Compressed Oops mode: 32-bit
Narrow klass base: 0x0000000800000000, Narrow klass shift: 3
Compressed class space size: 1073741824 Address: 0x0000000801190000

Heap:
 garbage-first heap   total 73728K, used 32803K [0x0000000084600000, 0x0000000100000000)
  region size 1024K, 8 young (8192K), 3 survivors (3072K)
 Metaspace       used 49605K, capacity 51187K, committed 51320K, reserved 1093632K
  class space    used 6561K, capacity 7213K, committed 7288K, reserved 1048576K
Heap Regions: E=young(eden), S=young(survivor), O=old, HS=humongous(starts), HC=humongous(continues), CS=collection set, F=free, A=archive, TAMS=top-at-mark-start (previous, next)
|   0|0x0000000084600000, 0x0000000084700000, 0x0000000084700000|100%| O|  |TAMS 0x0000000084700000, 0x0000000084600000| Untracked 
|   1|0x0000000084700000, 0x0000000084800000, 0x0000000084800000|100%| O|  |TAMS 0x0000000084800000, 0x0000000084700000| Untracked 
|   2|0x0000000084800000, 0x0000000084900000, 0x0000000084900000|100%| O|  |TAMS 0x0000000084900000, 0x0000000084800000| Untracked 
|   3|0x0000000084900000, 0x0000000084a00000, 0x0000000084a00000|100%| O|  |TAMS 0x0000000084a00000, 0x0000000084900000| Untracked 
|   4|0x0000000084a00000, 0x0000000084b00000, 0x0000000084b00000|100%| O|  |TAMS 0x0000000084b00000, 0x0000000084a00000| Untracked 
|   5|0x0000000084b00000, 0x0000000084c00000, 0x0000000084c00000|100%| O|  |TAMS 0x0000000084c00000, 0x0000000084b00000| Untracked 
|   6|0x0000000084c00000, 0x0000000084d00000, 0x0000000084d00000|100%| O|  |TAMS 0x0000000084d00000, 0x0000000084c00000| Untracked 
|   7|0x0000000084d00000, 0x0000000084d9b200, 0x0000000084e00000| 60%| O|  |TAMS 0x0000000084d9b200, 0x0000000084d00000| Untracked 
|   8|0x0000000084e00000, 0x0000000084f00000, 0x0000000084f00000|100%| O|  |TAMS 0x0000000084f00000, 0x0000000084e00000| Untracked 
|   9|0x0000000084f00000, 0x0000000085000000, 0x0000000085000000|100%| O|  |TAMS 0x0000000085000000, 0x0000000084f00000| Untracked 
|  10|0x0000000085000000, 0x0000000085100000, 0x0000000085100000|100%| O|  |TAMS 0x0000000085100000, 0x0000000085000000| Untracked 
|  11|0x0000000085100000, 0x0000000085200000, 0x0000000085200000|100%| O|  |TAMS 0x0000000085200000, 0x0000000085100000| Untracked 
|  12|0x0000000085200000, 0x0000000085300000, 0x0000000085300000|100%| O|  |TAMS 0x0000000085300000, 0x0000000085200000| Untracked 
|  13|0x0000000085300000, 0x0000000085400000, 0x0000000085400000|100%| O|  |TAMS 0x0000000085400000, 0x0000000085300000| Untracked 
|  14|0x0000000085400000, 0x0000000085500000, 0x0000000085500000|100%| O|  |TAMS 0x0000000085500000, 0x0000000085400000| Untracked 
|  15|0x0000000085500000, 0x0000000085600000, 0x0000000085600000|100%| O|  |TAMS 0x0000000085600000, 0x0000000085500000| Untracked 
|  16|0x0000000085600000, 0x0000000085700000, 0x0000000085700000|100%| O|  |TAMS 0x0000000085700000, 0x0000000085600000| Untracked 
|  17|0x0000000085700000, 0x0000000085800000, 0x0000000085800000|100%| O|  |TAMS 0x0000000085800000, 0x0000000085700000| Untracked 
|  18|0x0000000085800000, 0x0000000085900000, 0x0000000085900000|100%| O|  |TAMS 0x0000000085900000, 0x0000000085800000| Untracked 
|  19|0x0000000085900000, 0x0000000085a00000, 0x0000000085a00000|100%| O|  |TAMS 0x0000000085a00000, 0x0000000085900000| Untracked 
|  20|0x0000000085a00000, 0x0000000085b00000, 0x0000000085b00000|100%| O|  |TAMS 0x0000000085b00000, 0x0000000085a00000| Untracked 
|  21|0x0000000085b00000, 0x0000000085c00000, 0x0000000085c00000|100%| O|  |TAMS 0x0000000085c00000, 0x0000000085b00000| Untracked 
|  22|0x0000000085c00000, 0x0000000085d00000, 0x0000000085d00000|100%| O|  |TAMS 0x0000000085c42600, 0x0000000085c00000| Untracked 
|  23|0x0000000085d00000, 0x0000000085e00000, 0x0000000085e00000|100%| O|  |TAMS 0x0000000085d00000, 0x0000000085d00000| Untracked 
|  24|0x0000000085e00000, 0x0000000085f00000, 0x0000000085f00000|100%| O|  |TAMS 0x0000000085e00000, 0x0000000085e00000| Untracked 
|  25|0x0000000085f00000, 0x0000000086000000, 0x0000000086000000|100%| O|  |TAMS 0x0000000085f00000, 0x0000000085f00000| Untracked 
|  26|0x0000000086000000, 0x00000000860b5c00, 0x0000000086100000| 70%| O|  |TAMS 0x0000000086000000, 0x0000000086000000| Untracked 
|  27|0x0000000086100000, 0x0000000086100000, 0x0000000086200000|  0%| F|  |TAMS 0x0000000086100000, 0x0000000086100000| Untracked 
|  28|0x0000000086200000, 0x0000000086200000, 0x0000000086300000|  0%| F|  |TAMS 0x0000000086200000, 0x0000000086200000| Untracked 
|  29|0x0000000086300000, 0x0000000086300000, 0x0000000086400000|  0%| F|  |TAMS 0x0000000086300000, 0x0000000086300000| Untracked 
|  30|0x0000000086400000, 0x0000000086400000, 0x0000000086500000|  0%| F|  |TAMS 0x0000000086400000, 0x0000000086400000| Untracked 
|  31|0x0000000086500000, 0x0000000086500000, 0x0000000086600000|  0%| F|  |TAMS 0x0000000086500000, 0x0000000086500000| Untracked 
|  32|0x0000000086600000, 0x0000000086600000, 0x0000000086700000|  0%| F|  |TAMS 0x0000000086600000, 0x0000000086600000| Untracked 
|  33|0x0000000086700000, 0x0000000086700000, 0x0000000086800000|  0%| F|  |TAMS 0x0000000086700000, 0x0000000086700000| Untracked 
|  34|0x0000000086800000, 0x0000000086800000, 0x0000000086900000|  0%| F|  |TAMS 0x0000000086800000, 0x0000000086800000| Untracked 
|  35|0x0000000086900000, 0x0000000086900000, 0x0000000086a00000|  0%| F|  |TAMS 0x0000000086900000, 0x0000000086900000| Untracked 
|  36|0x0000000086a00000, 0x0000000086a00000, 0x0000000086b00000|  0%| F|  |TAMS 0x0000000086a00000, 0x0000000086a00000| Untracked 
|  37|0x0000000086b00000, 0x0000000086b00000, 0x0000000086c00000|  0%| F|  |TAMS 0x0000000086b00000, 0x0000000086b00000| Untracked 
|  38|0x0000000086c00000, 0x0000000086c00000, 0x0000000086d00000|  0%| F|  |TAMS 0x0000000086c00000, 0x0000000086c00000| Untracked 
|  39|0x0000000086d00000, 0x0000000086d00000, 0x0000000086e00000|  0%| F|  |TAMS 0x0000000086d00000, 0x0000000086d00000| Untracked 
|  40|0x0000000086e00000, 0x0000000086e00000, 0x0000000086f00000|  0%| F|  |TAMS 0x0000000086e00000, 0x0000000086e00000| Untracked 
|  41|0x0000000086f00000, 0x0000000086fb8008, 0x0000000087000000| 71%| S|CS|TAMS 0x0000000086f00000, 0x0000000086f00000| Complete 
|  42|0x0000000087000000, 0x0000000087100000, 0x0000000087100000|100%| S|CS|TAMS 0x0000000087000000, 0x0000000087000000| Complete 
|  43|0x0000000087100000, 0x0000000087200000, 0x0000000087200000|100%| S|CS|TAMS 0x0000000087100000, 0x0000000087100000| Complete 
|  44|0x0000000087200000, 0x0000000087200000, 0x0000000087300000|  0%| F|  |TAMS 0x0000000087200000, 0x0000000087200000| Untracked 
|  45|0x0000000087300000, 0x0000000087300000, 0x0000000087400000|  0%| F|  |TAMS 0x0000000087300000, 0x0000000087300000| Untracked 
|  46|0x0000000087400000, 0x0000000087400000, 0x0000000087500000|  0%| F|  |TAMS 0x0000000087400000, 0x0000000087400000| Untracked 
|  47|0x0000000087500000, 0x0000000087500000, 0x0000000087600000|  0%| F|  |TAMS 0x0000000087500000, 0x0000000087500000| Untracked 
|  48|0x0000000087600000, 0x0000000087600000, 0x0000000087700000|  0%| F|  |TAMS 0x0000000087600000, 0x0000000087600000| Untracked 
|  49|0x0000000087700000, 0x0000000087700000, 0x0000000087800000|  0%| F|  |TAMS 0x0000000087700000, 0x0000000087700000| Untracked 
|  50|0x0000000087800000, 0x0000000087800000, 0x0000000087900000|  0%| F|  |TAMS 0x0000000087800000, 0x0000000087800000| Untracked 
|  51|0x0000000087900000, 0x0000000087900000, 0x0000000087a00000|  0%| F|  |TAMS 0x0000000087900000, 0x0000000087900000| Untracked 
|  52|0x0000000087a00000, 0x0000000087a00000, 0x0000000087b00000|  0%| F|  |TAMS 0x0000000087a00000, 0x0000000087a00000| Untracked 
|  53|0x0000000087b00000, 0x0000000087b00000, 0x0000000087c00000|  0%| F|  |TAMS 0x0000000087b00000, 0x0000000087b00000| Untracked 
|  54|0x0000000087c00000, 0x0000000087c00000, 0x0000000087d00000|  0%| F|  |TAMS 0x0000000087c00000, 0x0000000087c00000| Untracked 
|  55|0x0000000087d00000, 0x0000000087d00000, 0x0000000087e00000|  0%| F|  |TAMS 0x0000000087d00000, 0x0000000087d00000| Untracked 
|  56|0x0000000087e00000, 0x0000000087e00000, 0x0000000087f00000|  0%| F|  |TAMS 0x0000000087e00000, 0x0000000087e00000| Untracked 
|  57|0x0000000087f00000, 0x0000000087f00000, 0x0000000088000000|  0%| F|  |TAMS 0x0000000087f00000, 0x0000000087f00000| Untracked 
|  58|0x0000000088000000, 0x0000000088000000, 0x0000000088100000|  0%| F|  |TAMS 0x0000000088000000, 0x0000000088000000| Untracked 
|  59|0x0000000088100000, 0x0000000088100000, 0x0000000088200000|  0%| F|  |TAMS 0x0000000088100000, 0x0000000088100000| Untracked 
|  60|0x0000000088200000, 0x0000000088200000, 0x0000000088300000|  0%| F|  |TAMS 0x0000000088200000, 0x0000000088200000| Untracked 
|  61|0x0000000088300000, 0x0000000088300000, 0x0000000088400000|  0%| F|  |TAMS 0x0000000088300000, 0x0000000088300000| Untracked 
|  62|0x0000000088400000, 0x0000000088400000, 0x0000000088500000|  0%| F|  |TAMS 0x0000000088400000, 0x0000000088400000| Untracked 
|  63|0x0000000088500000, 0x0000000088500000, 0x0000000088600000|  0%| F|  |TAMS 0x0000000088500000, 0x0000000088500000| Untracked 
|  64|0x0000000088600000, 0x0000000088600000, 0x0000000088700000|  0%| F|  |TAMS 0x0000000088600000, 0x0000000088600000| Untracked 
|  80|0x0000000089600000, 0x0000000089600000, 0x0000000089700000|  0%| F|  |TAMS 0x0000000089600000, 0x0000000089600000| Untracked 
|  81|0x0000000089700000, 0x0000000089700000, 0x0000000089800000|  0%| F|  |TAMS 0x0000000089700000, 0x0000000089700000| Untracked 
|  82|0x0000000089800000, 0x000000008987de90, 0x0000000089900000| 49%| E|  |TAMS 0x0000000089800000, 0x0000000089800000| Complete 
|  83|0x0000000089900000, 0x0000000089a00000, 0x0000000089a00000|100%| E|CS|TAMS 0x0000000089900000, 0x0000000089900000| Complete 
|  84|0x0000000089a00000, 0x0000000089b00000, 0x0000000089b00000|100%| E|  |TAMS 0x0000000089a00000, 0x0000000089a00000| Complete 
| 122|0x000000008c000000, 0x000000008c100000, 0x000000008c100000|100%| E|CS|TAMS 0x000000008c000000, 0x000000008c000000| Complete 
| 123|0x000000008c100000, 0x000000008c200000, 0x000000008c200000|100%| E|CS|TAMS 0x000000008c100000, 0x000000008c100000| Complete 

Card table byte_map: [0x0000027e75a70000,0x0000027e75e50000] _byte_map_base: 0x0000027e7564d000

Marking Bits (Prev, Next): (CMBitMap*) 0x0000027e6c7e9478, (CMBitMap*) 0x0000027e6c7e9438
 Prev Bits: [0x0000027e78120000, 0x0000027e7a008000)
 Next Bits: [0x0000027e76230000, 0x0000027e78118000)

Polling page: 0x0000027e6c730000

Metaspace:

Usage:
  Non-class:     42.94 MB capacity,    42.04 MB ( 98%) used,   740.28 KB (  2%) free+waste,   189.75 KB ( <1%) overhead. 
      Class:      7.04 MB capacity,     6.41 MB ( 91%) used,   558.18 KB (  8%) free+waste,    92.88 KB (  1%) overhead. 
       Both:     49.99 MB capacity,    48.44 MB ( 97%) used,     1.27 MB (  3%) free+waste,   282.63 KB ( <1%) overhead. 

Virtual space:
  Non-class space:       44.00 MB reserved,      43.00 MB ( 98%) committed 
      Class space:        1.00 GB reserved,       7.12 MB ( <1%) committed 
             Both:        1.04 GB reserved,      50.12 MB (  5%) committed 

Chunk freelists:
   Non-Class:  7.25 KB
       Class:  2.38 KB
        Both:  9.63 KB

CodeHeap 'non-profiled nmethods': size=120000Kb used=2087Kb max_used=2087Kb free=117912Kb
 bounds [0x0000027e07ad0000, 0x0000027e07d40000, 0x0000027e0f000000]
CodeHeap 'profiled nmethods': size=120000Kb used=10773Kb max_used=10773Kb free=109226Kb
 bounds [0x0000027e005a0000, 0x0000027e01030000, 0x0000027e07ad0000]
CodeHeap 'non-nmethods': size=5760Kb used=1214Kb max_used=1263Kb free=4545Kb
 bounds [0x0000027e00000000, 0x0000027e00270000, 0x0000027e005a0000]
 total_blobs=6481 nmethods=4785 adapters=475
 compilation: enabled
              stopped_count=0, restarted_count=0
 full_count=0

Compilation events (10 events):
Event: 11.621 Thread 0x0000027e7cafd000 5148       2       org.springframework.boot.context.properties.ConfigurationPropertiesBean::findFactoryMethod (18 bytes)
Event: 11.621 Thread 0x0000027e7cafd000 nmethod 5148 0x0000027e01020c10 code [0x0000027e01020de0, 0x0000027e01021040]
Event: 11.630 Thread 0x0000027e7cafd000 5149       3       org.springframework.util.ReflectionUtils::findMethod (109 bytes)
Event: 11.631 Thread 0x0000027e7cafd000 nmethod 5149 0x0000027e01021110 code [0x0000027e01021420, 0x0000027e01022260]
Event: 11.639 Thread 0x0000027e7cafd000 5150       2       java.net.NetworkInterface::<init> (15 bytes)
Event: 11.640 Thread 0x0000027e7cafd000 nmethod 5150 0x0000027e01022810 code [0x0000027e010229c0, 0x0000027e01022b58]
Event: 11.640 Thread 0x0000027e7cafd000 5151       2       java.net.NetworkInterface$2::hasMoreElements (18 bytes)
Event: 11.641 Thread 0x0000027e7cafd000 nmethod 5151 0x0000027e01022c10 code [0x0000027e01022dc0, 0x0000027e01022f58]
Event: 11.662 Thread 0x0000027e7cafd000 5152       2       com.fasterxml.jackson.databind.type.ClassKey::<init> (29 bytes)
Event: 11.662 Thread 0x0000027e7cafd000 nmethod 5152 0x0000027e01023010 code [0x0000027e010231e0, 0x0000027e01023480]

GC Heap History (10 events):
Event: 10.286 GC heap before
{Heap before GC invocations=21 (full 0):
 garbage-first heap   total 61440K, used 44419K [0x0000000084600000, 0x0000000100000000)
  region size 1024K, 22 young (22528K), 2 survivors (2048K)
 Metaspace       used 44234K, capacity 45443K, committed 45560K, reserved 1089536K
  class space    used 5793K, capacity 6275K, committed 6392K, reserved 1048576K
}
Event: 10.293 GC heap after
{Heap after GC invocations=22 (full 0):
 garbage-first heap   total 61440K, used 25052K [0x0000000084600000, 0x0000000100000000)
  region size 1024K, 3 young (3072K), 3 survivors (3072K)
 Metaspace       used 44234K, capacity 45443K, committed 45560K, reserved 1089536K
  class space    used 5793K, capacity 6275K, committed 6392K, reserved 1048576K
}
Event: 10.595 GC heap before
{Heap before GC invocations=22 (full 0):
 garbage-first heap   total 61440K, used 45532K [0x0000000084600000, 0x0000000100000000)
  region size 1024K, 23 young (23552K), 3 survivors (3072K)
 Metaspace       used 46189K, capacity 47554K, committed 47736K, reserved 1089536K
  class space    used 6119K, capacity 6683K, committed 6776K, reserved 1048576K
}
Event: 10.606 GC heap after
{Heap after GC invocations=23 (full 0):
 garbage-first heap   total 61440K, used 26167K [0x0000000084600000, 0x0000000100000000)
  region size 1024K, 3 young (3072K), 3 survivors (3072K)
 Metaspace       used 46189K, capacity 47554K, committed 47736K, reserved 1089536K
  class space    used 6119K, capacity 6683K, committed 6776K, reserved 1048576K
}
Event: 11.001 GC heap before
{Heap before GC invocations=23 (full 0):
 garbage-first heap   total 61440K, used 46647K [0x0000000084600000, 0x0000000100000000)
  region size 1024K, 23 young (23552K), 3 survivors (3072K)
 Metaspace       used 47279K, capacity 48666K, committed 48888K, reserved 1091584K
  class space    used 6246K, capacity 6820K, committed 6904K, reserved 1048576K
}
Event: 11.009 GC heap after
{Heap after GC invocations=24 (full 0):
 garbage-first heap   total 61440K, used 27100K [0x0000000084600000, 0x0000000100000000)
  region size 1024K, 2 young (2048K), 2 survivors (2048K)
 Metaspace       used 47279K, capacity 48666K, committed 48888K, reserved 1091584K
  class space    used 6246K, capacity 6820K, committed 6904K, reserved 1048576K
}
Event: 11.230 GC heap before
{Heap before GC invocations=24 (full 0):
 garbage-first heap   total 61440K, used 48604K [0x0000000084600000, 0x0000000100000000)
  region size 1024K, 23 young (23552K), 2 survivors (2048K)
 Metaspace       used 48030K, capacity 49546K, committed 49784K, reserved 1091584K
  class space    used 6349K, capacity 6945K, committed 7032K, reserved 1048576K
}
Event: 11.236 GC heap after
{Heap after GC invocations=25 (full 0):
 garbage-first heap   total 73728K, used 27824K [0x0000000084600000, 0x0000000100000000)
  region size 1024K, 2 young (2048K), 2 survivors (2048K)
 Metaspace       used 48030K, capacity 49546K, committed 49784K, reserved 1091584K
  class space    used 6349K, capacity 6945K, committed 7032K, reserved 1048576K
}
Event: 11.471 GC heap before
{Heap before GC invocations=25 (full 0):
 garbage-first heap   total 73728K, used 53424K [0x0000000084600000, 0x0000000100000000)
  region size 1024K, 27 young (27648K), 2 survivors (2048K)
 Metaspace       used 48808K, capacity 50308K, committed 50424K, reserved 1093632K
  class space    used 6460K, capacity 7069K, committed 7160K, reserved 1048576K
}
Event: 11.478 GC heap after
{Heap after GC invocations=26 (full 0):
 garbage-first heap   total 73728K, used 28768K [0x0000000084600000, 0x0000000100000000)
  region size 1024K, 3 young (3072K), 3 survivors (3072K)
 Metaspace       used 48808K, capacity 50308K, committed 50424K, reserved 1093632K
  class space    used 6460K, capacity 7069K, committed 7160K, reserved 1048576K
}

Deoptimization events (10 events):
Event: 10.715 Thread 0x0000027e6c7aa800 Uncommon trap: reason=unstable_if action=reinterpret pc=0x0000027e07b2096c method=java.util.concurrent.ConcurrentHashMap.transfer([Ljava/util/concurrent/ConcurrentHashMap$Node;[Ljava/util/concurrent/ConcurrentHashMap$Node;)V @ 352 c2
Event: 10.898 Thread 0x0000027e6c7aa800 Uncommon trap: reason=class_check action=maybe_recompile pc=0x0000027e07cb60d8 method=org.springframework.util.ConcurrentReferenceHashMap$Segment.findInChain(Lorg/springframework/util/ConcurrentReferenceHashMap$Reference;Ljava/lang/Object;I)Lorg/springfra
Event: 10.898 Thread 0x0000027e6c7aa800 Uncommon trap: reason=class_check action=maybe_recompile pc=0x0000027e07cb60d8 method=org.springframework.util.ConcurrentReferenceHashMap$Segment.findInChain(Lorg/springframework/util/ConcurrentReferenceHashMap$Reference;Ljava/lang/Object;I)Lorg/springfra
Event: 10.982 Thread 0x0000027e6c7aa800 Uncommon trap: reason=unstable_if action=reinterpret pc=0x0000027e07b4988c method=org.springframework.util.ConcurrentReferenceHashMap$Segment.clear()V @ 7 c2
Event: 11.349 Thread 0x0000027e6c7aa800 Uncommon trap: reason=null_check action=make_not_entrant pc=0x0000027e07cb3274 method=org.springframework.aop.framework.autoproxy.AbstractAutoProxyCreator.predictBeanType(Ljava/lang/Class;Ljava/lang/String;)Ljava/lang/Class; @ 31 c2
Event: 11.520 Thread 0x0000027e6c7aa800 Uncommon trap: reason=class_check action=maybe_recompile pc=0x0000027e07cc5734 method=org.springframework.beans.factory.support.AbstractBeanFactory.isTypeMatch(Ljava/lang/String;Lorg/springframework/core/ResolvableType;Z)Z @ 53 c2
Event: 11.520 Thread 0x0000027e6c7aa800 Uncommon trap: reason=class_check action=maybe_recompile pc=0x0000027e07cc5734 method=org.springframework.beans.factory.support.AbstractBeanFactory.isTypeMatch(Ljava/lang/String;Lorg/springframework/core/ResolvableType;Z)Z @ 53 c2
Event: 11.530 Thread 0x0000027e6c7aa800 Uncommon trap: reason=class_check action=maybe_recompile pc=0x0000027e07cc5734 method=org.springframework.beans.factory.support.AbstractBeanFactory.isTypeMatch(Ljava/lang/String;Lorg/springframework/core/ResolvableType;Z)Z @ 53 c2
Event: 11.530 Thread 0x0000027e6c7aa800 Uncommon trap: reason=class_check action=maybe_recompile pc=0x0000027e07cc5734 method=org.springframework.beans.factory.support.AbstractBeanFactory.isTypeMatch(Ljava/lang/String;Lorg/springframework/core/ResolvableType;Z)Z @ 53 c2
Event: 11.657 Thread 0x0000027e6c7aa800 Uncommon trap: reason=unstable_if action=reinterpret pc=0x0000027e07c83e9c method=java.util.concurrent.ConcurrentHashMap.sumCount()J @ 41 c2

Classes redefined (0 events):
No events

Internal exceptions (10 events):
Event: 11.376 Thread 0x0000027e6c7aa800 Exception <a 'java/lang/ClassNotFoundException'{0x000000008802e858}: org/springframework/data/auditing/IsNewAwareAuditingHandlerCustomizer> (0x000000008802e858) thrown at [t:/workspace/open/src/hotspot/share/classfile/systemDictionary.cpp, line 235]
Event: 11.377 Thread 0x0000027e6c7aa800 Exception <a 'java/lang/ClassNotFoundException'{0x000000008804a228}: org/springframework/beans/factory/InitializingBeanCustomizer> (0x000000008804a228) thrown at [t:/workspace/open/src/hotspot/share/classfile/systemDictionary.cpp, line 235]
Event: 11.557 Thread 0x0000027e6c7aa800 Exception <a 'java/lang/NoSuchMethodError'{0x0000000088298c50}: java.lang.invoke.DirectMethodHandle$Holder.invokeInterface(Ljava/lang/Object;Ljava/lang/Object;Ljava/lang/Object;Ljava/lang/Object;)Ljava/lang/Object;> (0x0000000088298c50) thrown at [t:/work
Event: 11.610 Thread 0x0000027e6c7aa800 Exception <a 'java/lang/ClassNotFoundException'{0x0000000087c673e8}: java/lang/ObjectCustomizer> (0x0000000087c673e8) thrown at [t:/workspace/open/src/hotspot/share/classfile/systemDictionary.cpp, line 235]
Event: 11.611 Thread 0x0000027e6c7aa800 Exception <a 'java/lang/ClassNotFoundException'{0x0000000087c84280}: org/springframework/web/reactive/config/WebFluxConfigurationSupportCustomizer> (0x0000000087c84280) thrown at [t:/workspace/open/src/hotspot/share/classfile/systemDictionary.cpp, line 23
Event: 11.611 Thread 0x0000027e6c7aa800 Exception <a 'java/lang/ClassNotFoundException'{0x0000000087ca9258}: org/springframework/web/reactive/config/DelegatingWebFluxConfigurationCustomizer> (0x0000000087ca9258) thrown at [t:/workspace/open/src/hotspot/share/classfile/systemDictionary.cpp, line
Event: 11.612 Thread 0x0000027e6c7aa800 Exception <a 'java/lang/ClassNotFoundException'{0x0000000087ccd720}: org/springframework/boot/autoconfigure/web/reactive/WebFluxAutoConfiguration$EnableWebFluxConfigurationCustomizer> (0x0000000087ccd720) thrown at [t:/workspace/open/src/hotspot/share/cla
Event: 11.614 Thread 0x0000027e6c7aa800 Exception <a 'java/lang/ClassNotFoundException'{0x0000000087cebd88}: org/springframework/context/ApplicationContextAwareCustomizer> (0x0000000087cebd88) thrown at [t:/workspace/open/src/hotspot/share/classfile/systemDictionary.cpp, line 235]
Event: 11.614 Thread 0x0000027e6c7aa800 Exception <a 'java/lang/ClassNotFoundException'{0x0000000087b00ea0}: org/springframework/beans/factory/AwareCustomizer> (0x0000000087b00ea0) thrown at [t:/workspace/open/src/hotspot/share/classfile/systemDictionary.cpp, line 235]
Event: 11.657 Thread 0x0000027e6c7aa800 Implicit null exception at 0x0000027e07c83e0b to 0x0000027e07c83e7a

Events (10 events):
Event: 11.671 loading class org/springframework/http/codec/json/AbstractJackson2Encoder
Event: 11.671 loading class org/springframework/http/codec/json/AbstractJackson2Encoder done
Event: 11.672 loading class org/springframework/http/codec/HttpMessageEncoder
Event: 11.672 loading class org/springframework/http/codec/HttpMessageEncoder done
Event: 11.674 loading class com/fasterxml/jackson/datatype/joda/JodaModule
Event: 11.674 loading class com/fasterxml/jackson/datatype/joda/JodaModule done
Event: 11.674 loading class com/fasterxml/jackson/datatype/joda$JodaModule
Event: 11.674 loading class com/fasterxml/jackson/datatype/joda$JodaModule done
Event: 11.674 loading class org/springframework/http/codec/support/BaseCodecConfigurer$DefaultCustomCodecs
Event: 11.674 loading class org/springframework/http/codec/support/BaseCodecConfigurer$DefaultCustomCodecs done


Dynamic libraries:
0x00007ff690a10000 - 0x00007ff690a1f000 	C:\Program Files\Java\jdk-12.0.2\bin\java.exe
0x00007fff7aa60000 - 0x00007fff7ac50000 	C:\WINDOWS\SYSTEM32\ntdll.dll
0x00007fff79ca0000 - 0x00007fff79d53000 	C:\WINDOWS\System32\KERNEL32.DLL
0x00007fff785a0000 - 0x00007fff78846000 	C:\WINDOWS\System32\KERNELBASE.dll
0x00007fff78970000 - 0x00007fff78a6a000 	C:\WINDOWS\System32\ucrtbase.dll
0x00007fff48a40000 - 0x00007fff48a58000 	C:\Program Files\Java\jdk-12.0.2\bin\jli.dll
0x00007fff79bf0000 - 0x00007fff79c93000 	C:\WINDOWS\System32\ADVAPI32.dll
0x00007fff7a5a0000 - 0x00007fff7a63e000 	C:\WINDOWS\System32\msvcrt.dll
0x00007fff78b00000 - 0x00007fff78b97000 	C:\WINDOWS\System32\sechost.dll
0x00007fff7a750000 - 0x00007fff7a86f000 	C:\WINDOWS\System32\RPCRT4.dll
0x00007fff78ec0000 - 0x00007fff79054000 	C:\WINDOWS\System32\USER32.dll
0x00007fff78220000 - 0x00007fff78241000 	C:\WINDOWS\System32\win32u.dll
0x00007fff61810000 - 0x00007fff61a94000 	C:\WINDOWS\WinSxS\amd64_microsoft.windows.common-controls_6595b64144ccf1df_6.0.18362.1854_none_9e7e6453e45e0f86\COMCTL32.dll
0x00007fff7a720000 - 0x00007fff7a746000 	C:\WINDOWS\System32\GDI32.dll
0x00007fff79130000 - 0x00007fff79466000 	C:\WINDOWS\System32\combase.dll
0x00007fff78a70000 - 0x00007fff78af4000 	C:\WINDOWS\System32\bcryptPrimitives.dll
0x00007fff78400000 - 0x00007fff78598000 	C:\WINDOWS\System32\gdi32full.dll
0x00007fff788d0000 - 0x00007fff7896e000 	C:\WINDOWS\System32\msvcp_win.dll
0x00007fff485d0000 - 0x00007fff485e6000 	C:\Program Files\Java\jdk-12.0.2\bin\VCRUNTIME140.dll
0x00007fff6a920000 - 0x00007fff6a92a000 	C:\WINDOWS\SYSTEM32\VERSION.dll
0x00007fff78dc0000 - 0x00007fff78dee000 	C:\WINDOWS\System32\IMM32.DLL
0x0000027e6c740000 - 0x0000027e6c754000 	C:\WINDOWS\System32\umppc15610.dll
0x00007fff22e60000 - 0x00007fff22f0a000 	C:\Program Files\Java\jdk-12.0.2\bin\msvcp140.dll
0x00007ffeeb760000 - 0x00007ffeec2d7000 	C:\Program Files\Java\jdk-12.0.2\bin\server\jvm.dll
0x00007fff7a590000 - 0x00007fff7a598000 	C:\WINDOWS\System32\PSAPI.DLL
0x00007fff51150000 - 0x00007fff51159000 	C:\WINDOWS\SYSTEM32\WSOCK32.dll
0x00007fff79ad0000 - 0x00007fff79b3f000 	C:\WINDOWS\System32\WS2_32.dll
0x00007fff75040000 - 0x00007fff75064000 	C:\WINDOWS\SYSTEM32\WINMM.dll
0x00007fff75010000 - 0x00007fff7503d000 	C:\WINDOWS\SYSTEM32\WINMMBASE.dll
0x00007fff78880000 - 0x00007fff788ca000 	C:\WINDOWS\System32\cfgmgr32.dll
0x00007fff779b0000 - 0x00007fff779c1000 	C:\WINDOWS\System32\kernel.appcore.dll
0x00007fff41400000 - 0x00007fff41411000 	C:\Program Files\Java\jdk-12.0.2\bin\verify.dll
0x00007fff75f20000 - 0x00007fff76114000 	C:\WINDOWS\SYSTEM32\DBGHELP.DLL
0x00007fff50c40000 - 0x00007fff50c6a000 	C:\WINDOWS\SYSTEM32\dbgcore.DLL
0x00007fff3e3f0000 - 0x00007fff3e416000 	C:\Program Files\Java\jdk-12.0.2\bin\java.dll
0x00007fff6b9d0000 - 0x00007fff6b9de000 	C:\Program Files\Java\jdk-12.0.2\bin\instrument.dll
0x00007fff3e2e0000 - 0x00007fff3e2f7000 	C:\Program Files\Java\jdk-12.0.2\bin\zip.dll
0x00007fff4fa50000 - 0x00007fff4fa5a000 	C:\Program Files\Java\jdk-12.0.2\bin\jimage.dll
0x00007fff79d60000 - 0x00007fff7a447000 	C:\WINDOWS\System32\SHELL32.dll
0x00007fff78df0000 - 0x00007fff78e99000 	C:\WINDOWS\System32\shcore.dll
0x00007fff77aa0000 - 0x00007fff7821b000 	C:\WINDOWS\System32\windows.storage.dll
0x00007fff77920000 - 0x00007fff7793e000 	C:\WINDOWS\System32\profapi.dll
0x00007fff77940000 - 0x00007fff7798a000 	C:\WINDOWS\System32\powrprof.dll
0x00007fff77910000 - 0x00007fff77920000 	C:\WINDOWS\System32\UMPDC.dll
0x00007fff79060000 - 0x00007fff790b2000 	C:\WINDOWS\System32\shlwapi.dll
0x00007fff77a80000 - 0x00007fff77a97000 	C:\WINDOWS\System32\cryptsp.dll
0x00007fff3e230000 - 0x00007fff3e249000 	C:\Program Files\Java\jdk-12.0.2\bin\net.dll
0x00007fff6d2f0000 - 0x00007fff6d3e9000 	C:\WINDOWS\SYSTEM32\WINHTTP.dll
0x00007fff68610000 - 0x00007fff687e5000 	C:\WINDOWS\SYSTEM32\urlmon.dll
0x00007fff68990000 - 0x00007fff68c37000 	C:\WINDOWS\SYSTEM32\iertutil.dll
0x00007fff685e0000 - 0x00007fff68606000 	C:\WINDOWS\SYSTEM32\srvcli.dll
0x00007fff76ed0000 - 0x00007fff76edc000 	C:\WINDOWS\SYSTEM32\netutils.dll
0x00007fff77220000 - 0x00007fff7722c000 	C:\WINDOWS\SYSTEM32\CRYPTBASE.DLL
0x00007fff770a0000 - 0x00007fff77107000 	C:\WINDOWS\system32\mswsock.dll
0x00007fff3dd90000 - 0x00007fff3dda3000 	C:\Program Files\Java\jdk-12.0.2\bin\nio.dll
0x00007fff4e790000 - 0x00007fff4e7aa000 	C:\Program Files\JetBrains\IntelliJ IDEA Community Edition 2022.2\bin\breakgen64.dll
0x00007fff76dc0000 - 0x00007fff76dfa000 	C:\WINDOWS\SYSTEM32\IPHLPAPI.DLL
0x00007fff7a580000 - 0x00007fff7a588000 	C:\WINDOWS\System32\NSI.dll
0x00007fff6c320000 - 0x00007fff6c336000 	C:\WINDOWS\SYSTEM32\dhcpcsvc6.DLL
0x00007fff6c300000 - 0x00007fff6c31c000 	C:\WINDOWS\SYSTEM32\dhcpcsvc.DLL
0x00007fff76e00000 - 0x00007fff76eca000 	C:\WINDOWS\SYSTEM32\DNSAPI.dll
0x00007fff6a9f0000 - 0x00007fff6a9fa000 	C:\Windows\System32\rasadhlp.dll
0x00007fff6cb70000 - 0x00007fff6cbe7000 	C:\WINDOWS\System32\fwpuclnt.dll
0x00007fff78850000 - 0x00007fff78876000 	C:\WINDOWS\System32\bcrypt.dll
0x00007fff5f6e0000 - 0x00007fff5f6e9000 	C:\Program Files\Java\jdk-12.0.2\bin\management.dll
0x00007fff5f6d0000 - 0x00007fff5f6dc000 	C:\Program Files\Java\jdk-12.0.2\bin\management_ext.dll
0x00007fff58320000 - 0x00007fff58336000 	C:\WINDOWS\system32\napinsp.dll
0x00007fff58b70000 - 0x00007fff58b8a000 	C:\WINDOWS\system32\pnrpnsp.dll
0x00007fff58340000 - 0x00007fff5834e000 	C:\WINDOWS\System32\winrnr.dll
0x00007fff6f5a0000 - 0x00007fff6f5bc000 	C:\WINDOWS\system32\NLAapi.dll
0x00007fff6aeb0000 - 0x00007fff6aec5000 	C:\WINDOWS\system32\wshbth.dll
0x00007fff769c0000 - 0x00007fff769f3000 	C:\WINDOWS\system32\rsaenh.dll
0x00007fff77800000 - 0x00007fff77825000 	C:\WINDOWS\SYSTEM32\USERENV.dll

dbghelp: loaded successfully - version: 4.0.5 - missing functions: none
symbol engine: initialized successfully - sym options: 0x614 - pdb path: .;C:\Program Files\Java\jdk-12.0.2\bin;C:\WINDOWS\SYSTEM32;C:\WINDOWS\WinSxS\amd64_microsoft.windows.common-controls_6595b64144ccf1df_6.0.18362.1854_none_9e7e6453e45e0f86;C:\Program Files\Java\jdk-12.0.2\bin\server;C:\Program Files\JetBrains\IntelliJ IDEA Community Edition 2022.2\bin

VM Arguments:
jvm_args: -javaagent:C:\Program Files\JetBrains\IntelliJ IDEA Community Edition 2022.2\lib\idea_rt.jar=59246:C:\Program Files\JetBrains\IntelliJ IDEA Community Edition 2022.2\bin -Dfile.encoding=UTF-8 
java_command: com.bank.person.PersonApplication
java_class_path (initial): C:\Users\mttitora\Desktop\PROYECTOS-GIT\person\target\classes;C:\Users\mttitora\.m2\repository\org\springframework\boot\spring-boot-starter-actuator\2.7.2\spring-boot-starter-actuator-2.7.2.jar;C:\Users\mttitora\.m2\repository\org\springframework\boot\spring-boot-starter\2.7.2\spring-boot-starter-2.7.2.jar;C:\Users\mttitora\.m2\repository\org\springframework\boot\spring-boot\2.7.2\spring-boot-2.7.2.jar;C:\Users\mttitora\.m2\repository\org\springframework\boot\spring-boot-autoconfigure\2.7.2\spring-boot-autoconfigure-2.7.2.jar;C:\Users\mttitora\.m2\repository\org\springframework\boot\spring-boot-starter-logging\2.7.2\spring-boot-starter-logging-2.7.2.jar;C:\Users\mttitora\.m2\repository\ch\qos\logback\logback-classic\1.2.11\logback-classic-1.2.11.jar;C:\Users\mttitora\.m2\repository\ch\qos\logback\logback-core\1.2.11\logback-core-1.2.11.jar;C:\Users\mttitora\.m2\repository\org\apache\logging\log4j\log4j-to-slf4j\2.17.2\log4j-to-slf4j-2.17.2.jar;C:\Users\mttitora\.m2\repository\org\apache\logging\log4j\log4j-api\2.17.2\log4j-api-2.17.2.jar;C:\Users\mttitora\.m2\repository\org\slf4j\jul-to-slf4j\1.7.36\jul-to-slf4j-1.7.36.jar;C:\Users\mttitora\.m2\repository\jakarta\annotation\jakarta.annotation-api\1.3.5\jakarta.annotation-api-1.3.5.jar;C:\Users\mttitora\.m2\repository\org\yaml\snakeyaml\1.30\snakeyaml-1.30.jar;C:\Users\mttitora\.m2\repository\org\springframework\boot\spring-boot-actuator-autoconfigure\2.7.2\spring-boot-actuator-autoconfigure-2.7.2.jar;C:\Users\mttitora\.m2\repository\org\springframework\boot\spring-boot-actuator\2.7.2\spring-boot-actuator-2.7.2.jar;C:\Users\mttitora\.m2\repository\com\fasterxml\jackson\datatype\jackson-datatype-jsr310\2.13.3\jackson-datatype-jsr310-2.13.3.jar;C:\Users\mttitora\.m2\repository\io\micrometer\micrometer-core\1.9.2\micrometer-core-1.9.2.jar;C:\Users\mttitora\.m2\repository\org\hdrhistogram\HdrHistogram\2.1.12\HdrHistogram-2.1.12.jar;C:\Users\mttitora\.m2\repository\org\latencyutils\LatencyUtil
Launcher Type: SUN_STANDARD

[Global flags]
     intx CICompilerCount                          = 4                                         {product} {ergonomic}
     uint ConcGCThreads                            = 2                                         {product} {ergonomic}
     uint G1ConcRefinementThreads                  = 8                                         {product} {ergonomic}
   size_t G1HeapRegionSize                         = 1048576                                   {product} {ergonomic}
    uintx GCDrainStackTargetSize                   = 64                                        {product} {ergonomic}
   size_t InitialHeapSize                          = 130023424                                 {product} {ergonomic}
   size_t MarkStackSize                            = 4194304                                   {product} {ergonomic}
   size_t MaxHeapSize                              = 2074083328                                {product} {ergonomic}
   size_t MaxNewSize                               = 1243611136                                {product} {ergonomic}
   size_t MinHeapDeltaBytes                        = 1048576                                   {product} {ergonomic}
    uintx NonNMethodCodeHeapSize                   = 5836300                                {pd product} {ergonomic}
    uintx NonProfiledCodeHeapSize                  = 122910970                              {pd product} {ergonomic}
    uintx ProfiledCodeHeapSize                     = 122910970                              {pd product} {ergonomic}
    uintx ReservedCodeCacheSize                    = 251658240                              {pd product} {ergonomic}
     bool SegmentedCodeCache                       = true                                      {product} {ergonomic}
     bool UseCompressedClassPointers               = true                                 {lp64_product} {ergonomic}
     bool UseCompressedOops                        = true                                 {lp64_product} {ergonomic}
     bool UseG1GC                                  = true                                      {product} {ergonomic}
     bool UseLargePagesIndividualAllocation        = false                                  {pd product} {ergonomic}

Logging:
Log output configuration:
 #0: stdout all=warning uptime,level,tags
 #1: stderr all=off uptime,level,tags

Environment Variables:
JAVA_HOME=C:\Program Files\Java\jdk-11.0.15
PATH=C:\Program Files\Common Files\Oracle\Java\javapath;C:\app\everis\product\11.2.0\client_1\bin;C:\WINDOWS\system32;C:\WINDOWS;C:\WINDOWS\System32\Wbem;C:\WINDOWS\System32\WindowsPowerShell\v1.0\;C:\WINDOWS\System32\OpenSSH\;c:\Program Files (x86)\Microsoft SQL Server\100\Tools\Binn\;c:\Program Files\Microsoft SQL Server\100\Tools\Binn\;c:\Program Files\Microsoft SQL Server\100\DTS\Binn\;C:\Program Files\TortoiseSVN\bin;C:\Program Files\Java\jdk-11.0.15\bin;C:\Users\mttitora\.m2\wrapper\dists\apache-maven-3.8.6-bin\1ks0nkde5v1pk9vtc31i9d0lcd\apache-maven-3.8.6\bin;;C:\Program Files\Docker\Docker\resources\bin;C:\ProgramData\DockerDesktop\version-bin;C:\Users\mttitora\AppData\Local\Microsoft\WindowsApps;C:\Users\mttitora\AppData\Local\Programs\Git\cmd;C:\Program Files\mongosh\
USERNAME=mttitora
OS=Windows_NT
PROCESSOR_IDENTIFIER=Intel64 Family 6 Model 142 Stepping 12, GenuineIntel



---------------  S Y S T E M  ---------------

OS: Windows 10 , 64 bit Build 18362 (10.0.18362.1766)

CPU:total 8 (initial active 8) (4 cores per cpu, 2 threads per core) family 6 model 142 stepping 12, cmov, cx8, fxsr, mmx, sse, sse2, sse3, ssse3, sse4.1, sse4.2, popcnt, avx, avx2, aes, clmul, erms, 3dnowpref, lzcnt, ht, tsc, tscinvbit, bmi1, bmi2, adx, fma

Memory: 4k page, system-wide physical 7910M (374M free)
TotalPageFile size 17236M (AvailPageFile size 4M)
current process WorkingSet (physical memory assigned to process): 243M, peak: 243M
current process commit charge ("private bytes"): 277M, peak: 278M

vm_info: Java HotSpot(TM) 64-Bit Server VM (12.0.2+10) for windows-amd64 JRE (12.0.2+10), built on Jul 16 2019 01:56:17 by "mach5one" with MS VC++ 15.5 (VS2017)

END.
