#
# There is insufficient memory for the Java Runtime Environment to continue.
# Native memory allocation (malloc) failed to allocate 1895376 bytes for Chunk::new
# Possible reasons:
#   The system is out of physical RAM or swap space
#   The process is running with CompressedOops enabled, and the Java Heap may be blocking the growth of the native heap
# Possible solutions:
#   Reduce memory load on the system
#   Increase physical memory or swap space
#   Check if swap backing store is full
#   Decrease Java heap size (-Xmx/-Xms)
#   Decrease number of Java threads
#   Decrease Java thread stack sizes (-Xss)
#   Set larger code cache with -XX:ReservedCodeCacheSize=
#   JVM is running with Unscaled Compressed Oops mode in which the Java heap is
#     placed in the first 4GB address space. The Java Heap base address is the
#     maximum limit for the native heap growth. Please use -XX:HeapBaseMinAddress
#     to set the Java Heap base and to place the Java Heap above 4GB virtual address.
# This output file may be truncated or incomplete.
#
#  Out of Memory Error (t:/workspace/open/src/hotspot/share/memory/arena.cpp:197), pid=21616, tid=23508
#
# JRE version: Java(TM) SE Runtime Environment (12.0.2+10) (build 12.0.2+10)
# Java VM: Java HotSpot(TM) 64-Bit Server VM (12.0.2+10, mixed mode, sharing, tiered, compressed oops, g1 gc, windows-amd64)
# No core dump will be written. Minidumps are not enabled by default on client versions of Windows
#

---------------  S U M M A R Y ------------

Command Line: -javaagent:C:\Program Files\JetBrains\IntelliJ IDEA Community Edition 2022.2\lib\idea_rt.jar=54522:C:\Program Files\JetBrains\IntelliJ IDEA Community Edition 2022.2\bin -Dfile.encoding=UTF-8 com.bank.person.PersonApplication

Host: Intel(R) Core(TM) i5-10210U CPU @ 1.60GHz, 8 cores, 7G,  Windows 10 , 64 bit Build 18362 (10.0.18362.1766)
Time: Fri Aug 26 17:46:10 2022 Hora est. Pacífico, Sudamérica elapsed time: 30 seconds (0d 0h 0m 30s)

---------------  T H R E A D  ---------------

Current thread (0x000001e331dcf000):  JavaThread "C2 CompilerThread0" daemon [_thread_in_native, id=23508, stack(0x0000000a4f600000,0x0000000a4f700000)]


Current CompileTask:
C2:  30558 5572       4       java.lang.invoke.MethodType::makeImpl (108 bytes)

Stack: [0x0000000a4f600000,0x0000000a4f700000]
Native frames: (J=compiled Java code, j=interpreted, Vv=VM code, C=native code)
V  [jvm.dll+0x63aa2a]
V  [jvm.dll+0x78ce1e]
V  [jvm.dll+0x78e4c1]
V  [jvm.dll+0x78eb13]
V  [jvm.dll+0x2627e8]
V  [jvm.dll+0xc55cc]
V  [jvm.dll+0xc5b4c]
V  [jvm.dll+0x37a632]
V  [jvm.dll+0x3463d3]
V  [jvm.dll+0x34579a]
V  [jvm.dll+0x21c205]
V  [jvm.dll+0x21b3da]
V  [jvm.dll+0x199a20]
V  [jvm.dll+0x22a744]
V  [jvm.dll+0x228d98]
V  [jvm.dll+0x7512a0]
V  [jvm.dll+0x74a2c8]
V  [jvm.dll+0x639b16]
C  [ucrtbase.dll+0x210b2]
C  [KERNEL32.DLL+0x17c24]
C  [ntdll.dll+0x6d721]


---------------  P R O C E S S  ---------------

Threads class SMR info:
_java_thread_list=0x000001e3364ee060, length=18, elements={
0x000001e3132c7800, 0x000001e331db0800, 0x000001e331db2800, 0x000001e331dcb000,
0x000001e331dcd000, 0x000001e331dcf000, 0x000001e331dd2800, 0x000001e331dd7000,
0x000001e332823000, 0x000001e332ce1800, 0x000001e332ce2800, 0x000001e3339b3000,
0x000001e338548800, 0x000001e335dd5800, 0x000001e3394cf800, 0x000001e3331a0000,
0x000001e3381d0000, 0x000001e335480800
}

Java Threads: ( => current thread )
  0x000001e3132c7800 JavaThread "main" [_thread_in_native, id=22936, stack(0x0000000a4eb00000,0x0000000a4ec00000)]
  0x000001e331db0800 JavaThread "Reference Handler" daemon [_thread_blocked, id=22740, stack(0x0000000a4f200000,0x0000000a4f300000)]
  0x000001e331db2800 JavaThread "Finalizer" daemon [_thread_blocked, id=14884, stack(0x0000000a4f300000,0x0000000a4f400000)]
  0x000001e331dcb000 JavaThread "Signal Dispatcher" daemon [_thread_blocked, id=5612, stack(0x0000000a4f400000,0x0000000a4f500000)]
  0x000001e331dcd000 JavaThread "Attach Listener" daemon [_thread_blocked, id=2596, stack(0x0000000a4f500000,0x0000000a4f600000)]
=>0x000001e331dcf000 JavaThread "C2 CompilerThread0" daemon [_thread_in_native, id=23508, stack(0x0000000a4f600000,0x0000000a4f700000)]
  0x000001e331dd2800 JavaThread "C1 CompilerThread0" daemon [_thread_blocked, id=23448, stack(0x0000000a4f700000,0x0000000a4f800000)]
  0x000001e331dd7000 JavaThread "Sweeper thread" daemon [_thread_blocked, id=23472, stack(0x0000000a4f800000,0x0000000a4f900000)]
  0x000001e332823000 JavaThread "Common-Cleaner" daemon [_thread_blocked, id=23468, stack(0x0000000a4f900000,0x0000000a4fa00000)]
  0x000001e332ce1800 JavaThread "Monitor Ctrl-Break" daemon [_thread_in_native, id=23516, stack(0x0000000a4fb00000,0x0000000a4fc00000)]
  0x000001e332ce2800 JavaThread "Service Thread" daemon [_thread_blocked, id=15420, stack(0x0000000a4fc00000,0x0000000a4fd00000)]
  0x000001e3339b3000 JavaThread "Keep-Alive-Timer" daemon [_thread_blocked, id=14880, stack(0x0000000a50000000,0x0000000a50100000)]
  0x000001e338548800 JavaThread "boundedElastic-evictor-1" daemon [_thread_blocked, id=22624, stack(0x0000000a50500000,0x0000000a50600000)]
  0x000001e335dd5800 JavaThread "AsyncGetter-2-thread-1" daemon [_thread_blocked, id=6376, stack(0x0000000a4fa00000,0x0000000a4fb00000)]
  0x000001e3394cf800 JavaThread "cluster-ClusterId{value='63094d29d1047d21efaee971', description='null'}-localhost:27017" daemon [_thread_blocked, id=21564, stack(0x0000000a50100000,0x0000000a50200000)]
  0x000001e3331a0000 JavaThread "cluster-rtt-ClusterId{value='63094d29d1047d21efaee971', description='null'}-localhost:27017" daemon [_thread_blocked, id=22644, stack(0x0000000a50600000,0x0000000a50700000)]
  0x000001e3381d0000 JavaThread "nioEventLoopGroup-3-2" [_thread_in_native, id=20720, stack(0x0000000a50700000,0x0000000a50800000)]
  0x000001e335480800 JavaThread "nioEventLoopGroup-3-1" [_thread_in_native, id=20940, stack(0x0000000a50800000,0x0000000a50900000)]

Other Threads:
  0x000001e331daf000 VMThread "VM Thread" [stack: 0x0000000a4f100000,0x0000000a4f200000] [id=23520]
  0x000001e332d12000 WatcherThread [stack: 0x0000000a4fd00000,0x0000000a4fe00000] [id=21724]
  0x000001e313305000 GCTaskThread "GC Thread#0" [stack: 0x0000000a4ec00000,0x0000000a4ed00000] [id=19876]
  0x000001e333151800 GCTaskThread "GC Thread#1" [stack: 0x0000000a4fe00000,0x0000000a4ff00000] [id=22480]
  0x000001e3338ea000 GCTaskThread "GC Thread#2" [stack: 0x0000000a50200000,0x0000000a50300000] [id=23096]
  0x000001e33397f800 GCTaskThread "GC Thread#3" [stack: 0x0000000a50300000,0x0000000a50400000] [id=21376]
  0x000001e336f14000 GCTaskThread "GC Thread#4" [stack: 0x0000000a50900000,0x0000000a50a00000] [id=23440]
  0x000001e3386c4800 GCTaskThread "GC Thread#5" [stack: 0x0000000a50a00000,0x0000000a50b00000] [id=1576]
  0x000001e313313800 ConcurrentGCThread "G1 Main Marker" [stack: 0x0000000a4ed00000,0x0000000a4ee00000] [id=21736]
  0x000001e313316800 ConcurrentGCThread "G1 Conc#0" [stack: 0x0000000a4ee00000,0x0000000a4ef00000] [id=21948]
  0x000001e333c4e800 ConcurrentGCThread "G1 Conc#1" [stack: 0x0000000a50400000,0x0000000a50500000] [id=22448]
  0x000001e331c18800 ConcurrentGCThread "G1 Refine#0" [stack: 0x0000000a4ef00000,0x0000000a4f000000] [id=9304]
  0x000001e331c19000 ConcurrentGCThread "G1 Young RemSet Sampling" [stack: 0x0000000a4f000000,0x0000000a4f100000] [id=20800]

Threads with active compile tasks:
C2 CompilerThread0  5572       4       java.lang.invoke.MethodType::makeImpl (108 bytes)

VM state:not at safepoint (normal execution)

VM Mutex/Monitor currently owned by a thread: None

Heap address: 0x0000000084600000, size: 1978 MB, Compressed Oops mode: 32-bit
Narrow klass base: 0x0000000800000000, Narrow klass shift: 3
Compressed class space size: 1073741824 Address: 0x0000000801190000

Heap:
 garbage-first heap   total 84992K, used 34949K [0x0000000084600000, 0x0000000100000000)
  region size 1024K, 8 young (8192K), 3 survivors (3072K)
 Metaspace       used 51796K, capacity 53429K, committed 53552K, reserved 1095680K
  class space    used 6848K, capacity 7533K, committed 7552K, reserved 1048576K
Heap Regions: E=young(eden), S=young(survivor), O=old, HS=humongous(starts), HC=humongous(continues), CS=collection set, F=free, A=archive, TAMS=top-at-mark-start (previous, next)
|   0|0x0000000084600000, 0x0000000084700000, 0x0000000084700000|100%| O|  |TAMS 0x0000000084700000, 0x0000000084600000| Untracked 
|   1|0x0000000084700000, 0x0000000084800000, 0x0000000084800000|100%| O|  |TAMS 0x0000000084800000, 0x0000000084700000| Untracked 
|   2|0x0000000084800000, 0x0000000084900000, 0x0000000084900000|100%| O|  |TAMS 0x0000000084900000, 0x0000000084800000| Untracked 
|   3|0x0000000084900000, 0x0000000084a00000, 0x0000000084a00000|100%| O|  |TAMS 0x0000000084a00000, 0x0000000084900000| Untracked 
|   4|0x0000000084a00000, 0x0000000084b00000, 0x0000000084b00000|100%| O|  |TAMS 0x0000000084b00000, 0x0000000084a00000| Untracked 
|   5|0x0000000084b00000, 0x0000000084c00000, 0x0000000084c00000|100%| O|  |TAMS 0x0000000084c00000, 0x0000000084b00000| Untracked 
|   6|0x0000000084c00000, 0x0000000084d00000, 0x0000000084d00000|100%| O|  |TAMS 0x0000000084d00000, 0x0000000084c00000| Untracked 
|   7|0x0000000084d00000, 0x0000000084d98e00, 0x0000000084e00000| 59%| O|  |TAMS 0x0000000084d98e00, 0x0000000084d00000| Untracked 
|   8|0x0000000084e00000, 0x0000000084f00000, 0x0000000084f00000|100%| O|  |TAMS 0x0000000084f00000, 0x0000000084e00000| Untracked 
|   9|0x0000000084f00000, 0x0000000085000000, 0x0000000085000000|100%| O|  |TAMS 0x0000000085000000, 0x0000000084f00000| Untracked 
|  10|0x0000000085000000, 0x0000000085100000, 0x0000000085100000|100%| O|  |TAMS 0x0000000085100000, 0x0000000085000000| Untracked 
|  11|0x0000000085100000, 0x0000000085200000, 0x0000000085200000|100%| O|  |TAMS 0x0000000085200000, 0x0000000085100000| Untracked 
|  12|0x0000000085200000, 0x0000000085300000, 0x0000000085300000|100%| O|  |TAMS 0x0000000085300000, 0x0000000085200000| Untracked 
|  13|0x0000000085300000, 0x0000000085400000, 0x0000000085400000|100%| O|  |TAMS 0x0000000085400000, 0x0000000085300000| Untracked 
|  14|0x0000000085400000, 0x0000000085500000, 0x0000000085500000|100%| O|  |TAMS 0x0000000085500000, 0x0000000085400000| Untracked 
|  15|0x0000000085500000, 0x0000000085600000, 0x0000000085600000|100%| O|  |TAMS 0x0000000085600000, 0x0000000085500000| Untracked 
|  16|0x0000000085600000, 0x0000000085700000, 0x0000000085700000|100%| O|  |TAMS 0x0000000085700000, 0x0000000085600000| Untracked 
|  17|0x0000000085700000, 0x0000000085800000, 0x0000000085800000|100%| O|  |TAMS 0x00000000857c9400, 0x0000000085700000| Untracked 
|  18|0x0000000085800000, 0x0000000085900000, 0x0000000085900000|100%| O|  |TAMS 0x0000000085800000, 0x0000000085800000| Untracked 
|  19|0x0000000085900000, 0x0000000085a00000, 0x0000000085a00000|100%| O|  |TAMS 0x0000000085900000, 0x0000000085900000| Untracked 
|  20|0x0000000085a00000, 0x0000000085b00000, 0x0000000085b00000|100%| O|  |TAMS 0x0000000085a00000, 0x0000000085a00000| Untracked 
|  21|0x0000000085b00000, 0x0000000085c00000, 0x0000000085c00000|100%| O|  |TAMS 0x0000000085b00000, 0x0000000085b00000| Untracked 
|  22|0x0000000085c00000, 0x0000000085d00000, 0x0000000085d00000|100%| O|  |TAMS 0x0000000085c00000, 0x0000000085c00000| Untracked 
|  23|0x0000000085d00000, 0x0000000085e00000, 0x0000000085e00000|100%| O|  |TAMS 0x0000000085d00000, 0x0000000085d00000| Untracked 
|  24|0x0000000085e00000, 0x0000000085f00000, 0x0000000085f00000|100%| O|  |TAMS 0x0000000085e00000, 0x0000000085e00000| Untracked 
|  25|0x0000000085f00000, 0x0000000086000000, 0x0000000086000000|100%| O|  |TAMS 0x0000000085f00000, 0x0000000085f00000| Untracked 
|  26|0x0000000086000000, 0x0000000086100000, 0x0000000086100000|100%| O|  |TAMS 0x0000000086000000, 0x0000000086000000| Untracked 
|  27|0x0000000086100000, 0x0000000086200000, 0x0000000086200000|100%| O|  |TAMS 0x0000000086100000, 0x0000000086100000| Untracked 
|  28|0x0000000086200000, 0x000000008620be00, 0x0000000086300000|  4%| O|  |TAMS 0x0000000086200000, 0x0000000086200000| Untracked 
|  29|0x0000000086300000, 0x0000000086300000, 0x0000000086400000|  0%| F|  |TAMS 0x0000000086300000, 0x0000000086300000| Untracked 
|  30|0x0000000086400000, 0x0000000086400000, 0x0000000086500000|  0%| F|  |TAMS 0x0000000086400000, 0x0000000086400000| Untracked 
|  31|0x0000000086500000, 0x0000000086500000, 0x0000000086600000|  0%| F|  |TAMS 0x0000000086500000, 0x0000000086500000| Untracked 
|  32|0x0000000086600000, 0x0000000086600000, 0x0000000086700000|  0%| F|  |TAMS 0x0000000086600000, 0x0000000086600000| Untracked 
|  33|0x0000000086700000, 0x0000000086700000, 0x0000000086800000|  0%| F|  |TAMS 0x0000000086700000, 0x0000000086700000| Untracked 
|  34|0x0000000086800000, 0x0000000086800000, 0x0000000086900000|  0%| F|  |TAMS 0x0000000086800000, 0x0000000086800000| Untracked 
|  35|0x0000000086900000, 0x0000000086900000, 0x0000000086a00000|  0%| F|  |TAMS 0x0000000086900000, 0x0000000086900000| Untracked 
|  36|0x0000000086a00000, 0x0000000086a00000, 0x0000000086b00000|  0%| F|  |TAMS 0x0000000086a00000, 0x0000000086a00000| Untracked 
|  37|0x0000000086b00000, 0x0000000086b00000, 0x0000000086c00000|  0%| F|  |TAMS 0x0000000086b00000, 0x0000000086b00000| Untracked 
|  38|0x0000000086c00000, 0x0000000086c00000, 0x0000000086d00000|  0%| F|  |TAMS 0x0000000086c00000, 0x0000000086c00000| Untracked 
|  39|0x0000000086d00000, 0x0000000086d7caa0, 0x0000000086e00000| 48%| S|CS|TAMS 0x0000000086d00000, 0x0000000086d00000| Complete 
|  40|0x0000000086e00000, 0x0000000086f00000, 0x0000000086f00000|100%| S|CS|TAMS 0x0000000086e00000, 0x0000000086e00000| Complete 
|  41|0x0000000086f00000, 0x0000000087000000, 0x0000000087000000|100%| S|CS|TAMS 0x0000000086f00000, 0x0000000086f00000| Complete 
|  42|0x0000000087000000, 0x0000000087000000, 0x0000000087100000|  0%| F|  |TAMS 0x0000000087000000, 0x0000000087000000| Untracked 
|  43|0x0000000087100000, 0x0000000087100000, 0x0000000087200000|  0%| F|  |TAMS 0x0000000087100000, 0x0000000087100000| Untracked 
|  44|0x0000000087200000, 0x0000000087200000, 0x0000000087300000|  0%| F|  |TAMS 0x0000000087200000, 0x0000000087200000| Untracked 
|  45|0x0000000087300000, 0x0000000087300000, 0x0000000087400000|  0%| F|  |TAMS 0x0000000087300000, 0x0000000087300000| Untracked 
|  46|0x0000000087400000, 0x0000000087400000, 0x0000000087500000|  0%| F|  |TAMS 0x0000000087400000, 0x0000000087400000| Untracked 
|  47|0x0000000087500000, 0x0000000087500000, 0x0000000087600000|  0%| F|  |TAMS 0x0000000087500000, 0x0000000087500000| Untracked 
|  48|0x0000000087600000, 0x0000000087600000, 0x0000000087700000|  0%| F|  |TAMS 0x0000000087600000, 0x0000000087600000| Untracked 
|  49|0x0000000087700000, 0x0000000087700000, 0x0000000087800000|  0%| F|  |TAMS 0x0000000087700000, 0x0000000087700000| Untracked 
|  50|0x0000000087800000, 0x0000000087800000, 0x0000000087900000|  0%| F|  |TAMS 0x0000000087800000, 0x0000000087800000| Untracked 
|  51|0x0000000087900000, 0x0000000087900000, 0x0000000087a00000|  0%| F|  |TAMS 0x0000000087900000, 0x0000000087900000| Untracked 
|  52|0x0000000087a00000, 0x0000000087a00000, 0x0000000087b00000|  0%| F|  |TAMS 0x0000000087a00000, 0x0000000087a00000| Untracked 
|  53|0x0000000087b00000, 0x0000000087b00000, 0x0000000087c00000|  0%| F|  |TAMS 0x0000000087b00000, 0x0000000087b00000| Untracked 
|  54|0x0000000087c00000, 0x0000000087c00000, 0x0000000087d00000|  0%| F|  |TAMS 0x0000000087c00000, 0x0000000087c00000| Untracked 
|  55|0x0000000087d00000, 0x0000000087d00000, 0x0000000087e00000|  0%| F|  |TAMS 0x0000000087d00000, 0x0000000087d00000| Untracked 
|  56|0x0000000087e00000, 0x0000000087e00000, 0x0000000087f00000|  0%| F|  |TAMS 0x0000000087e00000, 0x0000000087e00000| Untracked 
|  57|0x0000000087f00000, 0x0000000087f00000, 0x0000000088000000|  0%| F|  |TAMS 0x0000000087f00000, 0x0000000087f00000| Untracked 
|  58|0x0000000088000000, 0x0000000088000000, 0x0000000088100000|  0%| F|  |TAMS 0x0000000088000000, 0x0000000088000000| Untracked 
|  59|0x0000000088100000, 0x0000000088100000, 0x0000000088200000|  0%| F|  |TAMS 0x0000000088100000, 0x0000000088100000| Untracked 
|  60|0x0000000088200000, 0x0000000088200000, 0x0000000088300000|  0%| F|  |TAMS 0x0000000088200000, 0x0000000088200000| Untracked 
|  61|0x0000000088300000, 0x0000000088300000, 0x0000000088400000|  0%| F|  |TAMS 0x0000000088300000, 0x0000000088300000| Untracked 
|  62|0x0000000088400000, 0x0000000088400000, 0x0000000088500000|  0%| F|  |TAMS 0x0000000088400000, 0x0000000088400000| Untracked 
|  63|0x0000000088500000, 0x0000000088500000, 0x0000000088600000|  0%| F|  |TAMS 0x0000000088500000, 0x0000000088500000| Untracked 
|  64|0x0000000088600000, 0x0000000088600000, 0x0000000088700000|  0%| F|  |TAMS 0x0000000088600000, 0x0000000088600000| Untracked 
|  65|0x0000000088700000, 0x0000000088700000, 0x0000000088800000|  0%| F|  |TAMS 0x0000000088700000, 0x0000000088700000| Untracked 
|  66|0x0000000088800000, 0x0000000088800000, 0x0000000088900000|  0%| F|  |TAMS 0x0000000088800000, 0x0000000088800000| Untracked 
|  67|0x0000000088900000, 0x0000000088900000, 0x0000000088a00000|  0%| F|  |TAMS 0x0000000088900000, 0x0000000088900000| Untracked 
|  68|0x0000000088a00000, 0x0000000088a00000, 0x0000000088b00000|  0%| F|  |TAMS 0x0000000088a00000, 0x0000000088a00000| Untracked 
|  69|0x0000000088b00000, 0x0000000088b00000, 0x0000000088c00000|  0%| F|  |TAMS 0x0000000088b00000, 0x0000000088b00000| Untracked 
|  70|0x0000000088c00000, 0x0000000088c00000, 0x0000000088d00000|  0%| F|  |TAMS 0x0000000088c00000, 0x0000000088c00000| Untracked 
|  71|0x0000000088d00000, 0x0000000088d00000, 0x0000000088e00000|  0%| F|  |TAMS 0x0000000088d00000, 0x0000000088d00000| Untracked 
|  72|0x0000000088e00000, 0x0000000088e00000, 0x0000000088f00000|  0%| F|  |TAMS 0x0000000088e00000, 0x0000000088e00000| Untracked 
|  73|0x0000000088f00000, 0x0000000088f00000, 0x0000000089000000|  0%| F|  |TAMS 0x0000000088f00000, 0x0000000088f00000| Untracked 
|  74|0x0000000089000000, 0x0000000089000000, 0x0000000089100000|  0%| F|  |TAMS 0x0000000089000000, 0x0000000089000000| Untracked 
|  75|0x0000000089100000, 0x0000000089100000, 0x0000000089200000|  0%| F|  |TAMS 0x0000000089100000, 0x0000000089100000| Untracked 
|  76|0x0000000089200000, 0x0000000089200000, 0x0000000089300000|  0%| F|  |TAMS 0x0000000089200000, 0x0000000089200000| Untracked 
|  98|0x000000008a800000, 0x000000008a800000, 0x000000008a900000|  0%| F|  |TAMS 0x000000008a800000, 0x000000008a800000| Untracked 
|  99|0x000000008a900000, 0x000000008a9b5570, 0x000000008aa00000| 70%| E|  |TAMS 0x000000008a900000, 0x000000008a900000| Complete 
| 100|0x000000008aa00000, 0x000000008ab00000, 0x000000008ab00000|100%| E|CS|TAMS 0x000000008aa00000, 0x000000008aa00000| Complete 
| 101|0x000000008ab00000, 0x000000008ac00000, 0x000000008ac00000|100%| E|CS|TAMS 0x000000008ab00000, 0x000000008ab00000| Complete 
| 122|0x000000008c000000, 0x000000008c100000, 0x000000008c100000|100%| E|CS|TAMS 0x000000008c000000, 0x000000008c000000| Complete 
| 123|0x000000008c100000, 0x000000008c200000, 0x000000008c200000|100%| E|CS|TAMS 0x000000008c100000, 0x000000008c100000| Complete 

Card table byte_map: [0x000001e32adc0000,0x000001e32b1a0000] _byte_map_base: 0x000001e32a99d000

Marking Bits (Prev, Next): (CMBitMap*) 0x000001e3133070f8, (CMBitMap*) 0x000001e313307138
 Prev Bits: [0x000001e32b580000, 0x000001e32d468000)
 Next Bits: [0x000001e32d470000, 0x000001e32f358000)

Polling page: 0x000001e3111a0000

Metaspace:

Usage:
  Non-class:     44.82 MB capacity,    43.90 MB ( 98%) used,   747.75 KB (  2%) free+waste,   199.63 KB ( <1%) overhead. 
      Class:      7.36 MB capacity,     6.69 MB ( 91%) used,   587.39 KB (  8%) free+waste,    97.38 KB (  1%) overhead. 
       Both:     52.18 MB capacity,    50.58 MB ( 97%) used,     1.30 MB (  2%) free+waste,   297.00 KB ( <1%) overhead. 

Virtual space:
  Non-class space:       46.00 MB reserved,      44.92 MB ( 98%) committed 
      Class space:        1.00 GB reserved,       7.38 MB ( <1%) committed 
             Both:        1.04 GB reserved,      52.30 MB (  5%) committed 

Chunk freelists:
   Non-Class:  5.00 KB
       Class:  2.38 KB
        Both:  7.38 KB

CodeHeap 'non-profiled nmethods': size=120000Kb used=3656Kb max_used=3656Kb free=116343Kb
 bounds [0x000001e323180000, 0x000001e323520000, 0x000001e32a6b0000]
CodeHeap 'profiled nmethods': size=120000Kb used=11362Kb max_used=11725Kb free=108637Kb
 bounds [0x000001e31bc50000, 0x000001e31c7d0000, 0x000001e323180000]
CodeHeap 'non-nmethods': size=5760Kb used=1225Kb max_used=1317Kb free=4534Kb
 bounds [0x000001e31b6b0000, 0x000001e31b920000, 0x000001e31bc50000]
 total_blobs=7247 nmethods=4854 adapters=487
 compilation: enabled
              stopped_count=0, restarted_count=0
 full_count=0

Compilation events (10 events):
Event: 30.390 Thread 0x000001e331dcf000 nmethod 5566 0x000001e323510890 code [0x000001e323510a20, 0x000001e323510af8]
Event: 30.399 Thread 0x000001e331dcf000 5568       4       java.lang.ClassLoader::addClass (9 bytes)
Event: 30.408 Thread 0x000001e331dcf000 nmethod 5568 0x000001e323511110 code [0x000001e3235112c0, 0x000001e323511788]
Event: 30.408 Thread 0x000001e331dcf000 5569       4       java.lang.Class::getReflectionFactory (26 bytes)
Event: 30.409 Thread 0x000001e331dcf000 nmethod 5569 0x000001e323511990 code [0x000001e323511b20, 0x000001e323511b98]
Event: 30.412 Thread 0x000001e331dd2800 5570       1       io.netty.channel.DefaultChannelPipeline::channel (5 bytes)
Event: 30.412 Thread 0x000001e331dd2800 nmethod 5570 0x000001e323511c10 code [0x000001e323511dc0, 0x000001e323511ef8]
Event: 30.422 Thread 0x000001e331dd2800 5571       3       ch.qos.logback.core.pattern.FormattingConverter::write (154 bytes)
Event: 30.423 Thread 0x000001e331dcf000 5572       4       java.lang.invoke.MethodType::makeImpl (108 bytes)
Event: 30.424 Thread 0x000001e331dd2800 nmethod 5571 0x000001e31c190690 code [0x000001e31c1909c0, 0x000001e31c191940]

GC Heap History (10 events):
Event: 23.215 GC heap before
{Heap before GC invocations=23 (full 0):
 garbage-first heap   total 58368K, used 46331K [0x0000000084600000, 0x0000000100000000)
  region size 1024K, 21 young (21504K), 2 survivors (2048K)
 Metaspace       used 47908K, capacity 49329K, committed 49584K, reserved 1091584K
  class space    used 6318K, capacity 6892K, committed 6912K, reserved 1048576K
}
Event: 23.226 GC heap after
{Heap after GC invocations=24 (full 0):
 garbage-first heap   total 70656K, used 27576K [0x0000000084600000, 0x0000000100000000)
  region size 1024K, 2 young (2048K), 2 survivors (2048K)
 Metaspace       used 47908K, capacity 49329K, committed 49584K, reserved 1091584K
  class space    used 6318K, capacity 6892K, committed 6912K, reserved 1048576K
}
Event: 24.843 GC heap before
{Heap before GC invocations=24 (full 0):
 garbage-first heap   total 70656K, used 52152K [0x0000000084600000, 0x0000000100000000)
  region size 1024K, 26 young (26624K), 2 survivors (2048K)
 Metaspace       used 48677K, capacity 50229K, committed 50352K, reserved 1093632K
  class space    used 6434K, capacity 7064K, committed 7168K, reserved 1048576K
}
Event: 24.862 GC heap after
{Heap after GC invocations=25 (full 0):
 garbage-first heap   total 70656K, used 28378K [0x0000000084600000, 0x0000000100000000)
  region size 1024K, 3 young (3072K), 3 survivors (3072K)
 Metaspace       used 48677K, capacity 50229K, committed 50352K, reserved 1093632K
  class space    used 6434K, capacity 7064K, committed 7168K, reserved 1048576K
}
Event: 26.831 GC heap before
{Heap before GC invocations=25 (full 0):
 garbage-first heap   total 70656K, used 52954K [0x0000000084600000, 0x0000000100000000)
  region size 1024K, 27 young (27648K), 3 survivors (3072K)
 Metaspace       used 49124K, capacity 50632K, committed 50864K, reserved 1093632K
  class space    used 6486K, capacity 7113K, committed 7168K, reserved 1048576K
}
Event: 26.849 GC heap after
{Heap after GC invocations=26 (full 0):
 garbage-first heap   total 70656K, used 29381K [0x0000000084600000, 0x0000000100000000)
  region size 1024K, 3 young (3072K), 3 survivors (3072K)
 Metaspace       used 49124K, capacity 50632K, committed 50864K, reserved 1093632K
  class space    used 6486K, capacity 7113K, committed 7168K, reserved 1048576K
}
Event: 27.853 GC heap before
{Heap before GC invocations=26 (full 0):
 garbage-first heap   total 70656K, used 53957K [0x0000000084600000, 0x0000000100000000)
  region size 1024K, 27 young (27648K), 3 survivors (3072K)
 Metaspace       used 50182K, capacity 51784K, committed 52016K, reserved 1093632K
  class space    used 6619K, capacity 7263K, committed 7296K, reserved 1048576K
}
Event: 27.870 GC heap after
{Heap after GC invocations=27 (full 0):
 garbage-first heap   total 70656K, used 30219K [0x0000000084600000, 0x0000000100000000)
  region size 1024K, 3 young (3072K), 3 survivors (3072K)
 Metaspace       used 50182K, capacity 51784K, committed 52016K, reserved 1093632K
  class space    used 6619K, capacity 7263K, committed 7296K, reserved 1048576K
}
Event: 30.301 GC heap before
{Heap before GC invocations=27 (full 0):
 garbage-first heap   total 70656K, used 54795K [0x0000000084600000, 0x0000000100000000)
  region size 1024K, 27 young (27648K), 3 survivors (3072K)
 Metaspace       used 51143K, capacity 52814K, committed 53040K, reserved 1095680K
  class space    used 6764K, capacity 7435K, committed 7552K, reserved 1048576K
}
Event: 30.307 GC heap after
{Heap after GC invocations=28 (full 0):
 garbage-first heap   total 84992K, used 30853K [0x0000000084600000, 0x0000000100000000)
  region size 1024K, 3 young (3072K), 3 survivors (3072K)
 Metaspace       used 51143K, capacity 52814K, committed 53040K, reserved 1095680K
  class space    used 6764K, capacity 7435K, committed 7552K, reserved 1048576K
}

Deoptimization events (10 events):
Event: 28.438 Thread 0x000001e3132c7800 Uncommon trap: reason=class_check action=maybe_recompile pc=0x000001e323209e88 method=org.springframework.boot.context.properties.source.ConfigurationPropertyName$Elements.charAt(II)C @ 43 c2
Event: 28.439 Thread 0x000001e3132c7800 Uncommon trap: reason=null_check action=make_not_entrant pc=0x000001e3234d584c method=java.lang.Class.createAnnotationData(I)Ljava/lang/Class$AnnotationData; @ 14 c2
Event: 30.261 Thread 0x000001e3331a0000 Uncommon trap: reason=unstable_if action=reinterpret pc=0x000001e323402094 method=java.lang.reflect.Executable.declaredAnnotations()Ljava/util/Map; @ 19 c2
Event: 30.277 Thread 0x000001e3394cf800 Uncommon trap: reason=unstable_if action=reinterpret pc=0x000001e3234ea178 method=java.lang.Class.annotationData()Ljava/lang/Class$AnnotationData; @ 36 c2
Event: 30.277 Thread 0x000001e3394cf800 Uncommon trap: reason=unstable_if action=reinterpret pc=0x000001e3234ea178 method=java.lang.Class.annotationData()Ljava/lang/Class$AnnotationData; @ 36 c2
Event: 30.292 Thread 0x000001e335480800 Uncommon trap: reason=speculate_null_assert action=make_not_entrant pc=0x000001e32333bcf8 method=java.lang.invoke.MethodType$ConcurrentWeakInternSet.add(Ljava/lang/Object;)Ljava/lang/Object; @ 47 c2
Event: 30.392 Thread 0x000001e3381d0000 Uncommon trap: reason=class_check action=maybe_recompile pc=0x000001e3231ebb34 method=java.nio.DirectByteBuffer.<init>(Lsun/nio/ch/DirectBuffer;IIIII)V @ 12 c2
Event: 30.392 Thread 0x000001e335480800 Uncommon trap: reason=class_check action=maybe_recompile pc=0x000001e3231ebb34 method=java.nio.DirectByteBuffer.<init>(Lsun/nio/ch/DirectBuffer;IIIII)V @ 12 c2
Event: 30.392 Thread 0x000001e3381d0000 Uncommon trap: reason=class_check action=maybe_recompile pc=0x000001e3231ebb34 method=java.nio.DirectByteBuffer.<init>(Lsun/nio/ch/DirectBuffer;IIIII)V @ 12 c2
Event: 30.392 Thread 0x000001e335480800 Uncommon trap: reason=class_check action=maybe_recompile pc=0x000001e3231ebb34 method=java.nio.DirectByteBuffer.<init>(Lsun/nio/ch/DirectBuffer;IIIII)V @ 12 c2

Classes redefined (0 events):
No events

Internal exceptions (10 events):
Event: 26.879 Thread 0x000001e3132c7800 Exception <a 'java/lang/ClassNotFoundException'{0x000000008c17ae68}: org/springframework/context/ApplicationContextAwareCustomizer> (0x000000008c17ae68) thrown at [t:/workspace/open/src/hotspot/share/classfile/systemDictionary.cpp, line 235]
Event: 26.881 Thread 0x000001e3132c7800 Exception <a 'java/lang/ClassNotFoundException'{0x000000008c190500}: org/springframework/beans/factory/AwareCustomizer> (0x000000008c190500) thrown at [t:/workspace/open/src/hotspot/share/classfile/systemDictionary.cpp, line 235]
Event: 27.206 Thread 0x000001e3132c7800 Exception <a 'java/lang/NoSuchMethodError'{0x000000008820bc18}: java.lang.invoke.DirectMethodHandle$Holder.invokeVirtual(Ljava/lang/Object;Ljava/lang/Object;J)V> (0x000000008820bc18) thrown at [t:/workspace/open/src/hotspot/share/interpreter/linkResolver.
Event: 27.366 Thread 0x000001e3132c7800 Exception <a 'java/lang/IncompatibleClassChangeError'{0x0000000087dd2960}: Found class java.lang.Object, but interface was expected> (0x0000000087dd2960) thrown at [t:/workspace/open/src/hotspot/share/interpreter/linkResolver.cpp, line 843]
Event: 27.890 Thread 0x000001e3132c7800 Exception <a 'java/lang/IncompatibleClassChangeError'{0x000000008c17a5e0}: Found class java.lang.Object, but interface was expected> (0x000000008c17a5e0) thrown at [t:/workspace/open/src/hotspot/share/interpreter/linkResolver.cpp, line 843]
Event: 28.231 Thread 0x000001e3132c7800 Exception <a 'java/lang/NoSuchMethodError'{0x0000000087f22228}: java.lang.invoke.DirectMethodHandle$Holder.invokeStatic(Ljava/lang/Object;Ljava/lang/Object;I)V> (0x0000000087f22228) thrown at [t:/workspace/open/src/hotspot/share/interpreter/linkResolver.c
Event: 28.302 Thread 0x000001e3132c7800 Exception <a 'java/lang/NoSuchMethodError'{0x0000000087eca5e0}: java.lang.invoke.DirectMethodHandle$Holder.invokeSpecial(Ljava/lang/Object;Ljava/lang/Object;Ljava/lang/Object;Ljava/lang/Object;Ljava/lang/Object;Ljava/lang/Object;Ljava/lang/Object;Ljava/la
Event: 28.304 Thread 0x000001e3132c7800 Exception <a 'java/lang/NoSuchMethodError'{0x0000000087ece350}: java.lang.invoke.Invokers$Holder.linkToTargetMethod(Ljava/lang/Object;Ljava/lang/Object;Ljava/lang/Object;Ljava/lang/Object;Ljava/lang/Object;Ljava/lang/Object;Ljava/lang/Object;Ljava/lang/Ob
Event: 28.439 Thread 0x000001e3132c7800 Implicit null exception at 0x000001e3234ccebf to 0x000001e3234d583a
Event: 30.418 Thread 0x000001e3394cf800 Exception <a 'java/lang/NoClassDefFoundError'{0x000000008a9749d8}: sun/reflect/Reflection> (0x000000008a9749d8) thrown at [t:/workspace/open/src/hotspot/share/classfile/systemDictionary.cpp, line 224]

Events (10 events):
Event: 30.424 loading class com/mongodb/internal/connection/ServerTypeHelper
Event: 30.424 loading class com/mongodb/internal/connection/ServerTypeHelper done
Event: 30.425 loading class com/mongodb/internal/connection/ServerTypeHelper$1
Event: 30.425 loading class com/mongodb/internal/connection/ServerTypeHelper$1 done
Event: 30.425 loading class com/mongodb/event/ServerDescriptionChangedEvent
Event: 30.425 loading class com/mongodb/event/ServerDescriptionChangedEvent done
Event: 30.426 loading class com/mongodb/event/ServerDescriptionChangedEvent
Event: 30.426 loading class com/mongodb/event/ServerDescriptionChangedEvent done
Event: 30.426 loading class com/mongodb/internal/connection/SingleServerCluster
Event: 30.426 loading class com/mongodb/internal/connection/SingleServerCluster done


Dynamic libraries:
0x00007ff690a10000 - 0x00007ff690a1f000 	C:\Program Files\Java\jdk-12.0.2\bin\java.exe
0x00007fff7aa60000 - 0x00007fff7ac50000 	C:\WINDOWS\SYSTEM32\ntdll.dll
0x00007fff79ca0000 - 0x00007fff79d53000 	C:\WINDOWS\System32\KERNEL32.DLL
0x00007fff785a0000 - 0x00007fff78846000 	C:\WINDOWS\System32\KERNELBASE.dll
0x00007fff78970000 - 0x00007fff78a6a000 	C:\WINDOWS\System32\ucrtbase.dll
0x00007fff485d0000 - 0x00007fff485e6000 	C:\Program Files\Java\jdk-12.0.2\bin\VCRUNTIME140.dll
0x00007fff48a40000 - 0x00007fff48a58000 	C:\Program Files\Java\jdk-12.0.2\bin\jli.dll
0x00007fff79bf0000 - 0x00007fff79c93000 	C:\WINDOWS\System32\ADVAPI32.dll
0x00007fff7a5a0000 - 0x00007fff7a63e000 	C:\WINDOWS\System32\msvcrt.dll
0x00007fff78b00000 - 0x00007fff78b97000 	C:\WINDOWS\System32\sechost.dll
0x00007fff7a750000 - 0x00007fff7a86f000 	C:\WINDOWS\System32\RPCRT4.dll
0x00007fff78ec0000 - 0x00007fff79054000 	C:\WINDOWS\System32\USER32.dll
0x00007fff78220000 - 0x00007fff78241000 	C:\WINDOWS\System32\win32u.dll
0x00007fff61810000 - 0x00007fff61a94000 	C:\WINDOWS\WinSxS\amd64_microsoft.windows.common-controls_6595b64144ccf1df_6.0.18362.1854_none_9e7e6453e45e0f86\COMCTL32.dll
0x00007fff7a720000 - 0x00007fff7a746000 	C:\WINDOWS\System32\GDI32.dll
0x00007fff79130000 - 0x00007fff79466000 	C:\WINDOWS\System32\combase.dll
0x00007fff78400000 - 0x00007fff78598000 	C:\WINDOWS\System32\gdi32full.dll
0x00007fff78a70000 - 0x00007fff78af4000 	C:\WINDOWS\System32\bcryptPrimitives.dll
0x00007fff788d0000 - 0x00007fff7896e000 	C:\WINDOWS\System32\msvcp_win.dll
0x00007fff6a920000 - 0x00007fff6a92a000 	C:\WINDOWS\SYSTEM32\VERSION.dll
0x00007fff78dc0000 - 0x00007fff78dee000 	C:\WINDOWS\System32\IMM32.DLL
0x000001e3111c0000 - 0x000001e3111d4000 	C:\WINDOWS\System32\umppc15610.dll
0x00007fff22e60000 - 0x00007fff22f0a000 	C:\Program Files\Java\jdk-12.0.2\bin\msvcp140.dll
0x00007ffeeb760000 - 0x00007ffeec2d7000 	C:\Program Files\Java\jdk-12.0.2\bin\server\jvm.dll
0x00007fff7a590000 - 0x00007fff7a598000 	C:\WINDOWS\System32\PSAPI.DLL
0x00007fff51150000 - 0x00007fff51159000 	C:\WINDOWS\SYSTEM32\WSOCK32.dll
0x00007fff79ad0000 - 0x00007fff79b3f000 	C:\WINDOWS\System32\WS2_32.dll
0x00007fff75040000 - 0x00007fff75064000 	C:\WINDOWS\SYSTEM32\WINMM.dll
0x00007fff75010000 - 0x00007fff7503d000 	C:\WINDOWS\SYSTEM32\WINMMBASE.dll
0x00007fff78880000 - 0x00007fff788ca000 	C:\WINDOWS\System32\cfgmgr32.dll
0x00007fff779b0000 - 0x00007fff779c1000 	C:\WINDOWS\System32\kernel.appcore.dll
0x00007fff41400000 - 0x00007fff41411000 	C:\Program Files\Java\jdk-12.0.2\bin\verify.dll
0x00007fff75f20000 - 0x00007fff76114000 	C:\WINDOWS\SYSTEM32\DBGHELP.DLL
0x00007fff50c40000 - 0x00007fff50c6a000 	C:\WINDOWS\SYSTEM32\dbgcore.DLL
0x00007fff3e3f0000 - 0x00007fff3e416000 	C:\Program Files\Java\jdk-12.0.2\bin\java.dll
0x00007fff4e7a0000 - 0x00007fff4e7ae000 	C:\Program Files\Java\jdk-12.0.2\bin\instrument.dll
0x00007fff3e2e0000 - 0x00007fff3e2f7000 	C:\Program Files\Java\jdk-12.0.2\bin\zip.dll
0x00007fff4fa50000 - 0x00007fff4fa5a000 	C:\Program Files\Java\jdk-12.0.2\bin\jimage.dll
0x00007fff79d60000 - 0x00007fff7a447000 	C:\WINDOWS\System32\SHELL32.dll
0x00007fff78df0000 - 0x00007fff78e99000 	C:\WINDOWS\System32\shcore.dll
0x00007fff77aa0000 - 0x00007fff7821b000 	C:\WINDOWS\System32\windows.storage.dll
0x00007fff77920000 - 0x00007fff7793e000 	C:\WINDOWS\System32\profapi.dll
0x00007fff77940000 - 0x00007fff7798a000 	C:\WINDOWS\System32\powrprof.dll
0x00007fff77910000 - 0x00007fff77920000 	C:\WINDOWS\System32\UMPDC.dll
0x00007fff79060000 - 0x00007fff790b2000 	C:\WINDOWS\System32\shlwapi.dll
0x00007fff77a80000 - 0x00007fff77a97000 	C:\WINDOWS\System32\cryptsp.dll
0x00007fff3e230000 - 0x00007fff3e249000 	C:\Program Files\Java\jdk-12.0.2\bin\net.dll
0x00007fff6d2f0000 - 0x00007fff6d3e9000 	C:\WINDOWS\SYSTEM32\WINHTTP.dll
0x00007fff68610000 - 0x00007fff687e5000 	C:\WINDOWS\SYSTEM32\urlmon.dll
0x00007fff68990000 - 0x00007fff68c37000 	C:\WINDOWS\SYSTEM32\iertutil.dll
0x00007fff685e0000 - 0x00007fff68606000 	C:\WINDOWS\SYSTEM32\srvcli.dll
0x00007fff76ed0000 - 0x00007fff76edc000 	C:\WINDOWS\SYSTEM32\netutils.dll
0x00007fff77220000 - 0x00007fff7722c000 	C:\WINDOWS\SYSTEM32\CRYPTBASE.DLL
0x00007fff770a0000 - 0x00007fff77107000 	C:\WINDOWS\system32\mswsock.dll
0x00007fff3dd90000 - 0x00007fff3dda3000 	C:\Program Files\Java\jdk-12.0.2\bin\nio.dll
0x00007fff49f60000 - 0x00007fff49f7a000 	C:\Program Files\JetBrains\IntelliJ IDEA Community Edition 2022.2\bin\breakgen64.dll
0x00007fff76dc0000 - 0x00007fff76dfa000 	C:\WINDOWS\SYSTEM32\IPHLPAPI.DLL
0x00007fff7a580000 - 0x00007fff7a588000 	C:\WINDOWS\System32\NSI.dll
0x00007fff6c320000 - 0x00007fff6c336000 	C:\WINDOWS\SYSTEM32\dhcpcsvc6.DLL
0x00007fff6c300000 - 0x00007fff6c31c000 	C:\WINDOWS\SYSTEM32\dhcpcsvc.DLL
0x00007fff76e00000 - 0x00007fff76eca000 	C:\WINDOWS\SYSTEM32\DNSAPI.dll
0x00007fff6a9f0000 - 0x00007fff6a9fa000 	C:\Windows\System32\rasadhlp.dll
0x00007fff6cb70000 - 0x00007fff6cbe7000 	C:\WINDOWS\System32\fwpuclnt.dll
0x00007fff78850000 - 0x00007fff78876000 	C:\WINDOWS\System32\bcrypt.dll
0x00007fff5f6e0000 - 0x00007fff5f6e9000 	C:\Program Files\Java\jdk-12.0.2\bin\management.dll
0x00007fff5f6d0000 - 0x00007fff5f6dc000 	C:\Program Files\Java\jdk-12.0.2\bin\management_ext.dll
0x00007fff58320000 - 0x00007fff58336000 	C:\WINDOWS\system32\napinsp.dll
0x00007fff58b70000 - 0x00007fff58b8a000 	C:\WINDOWS\system32\pnrpnsp.dll
0x00007fff58340000 - 0x00007fff5834e000 	C:\WINDOWS\System32\winrnr.dll
0x00007fff6f5a0000 - 0x00007fff6f5bc000 	C:\WINDOWS\system32\NLAapi.dll
0x00007fff6aeb0000 - 0x00007fff6aec5000 	C:\WINDOWS\system32\wshbth.dll
0x00007fff769c0000 - 0x00007fff769f3000 	C:\WINDOWS\system32\rsaenh.dll
0x00007fff77800000 - 0x00007fff77825000 	C:\WINDOWS\SYSTEM32\USERENV.dll

dbghelp: loaded successfully - version: 4.0.5 - missing functions: none
symbol engine: initialized successfully - sym options: 0x614 - pdb path: .;C:\Program Files\Java\jdk-12.0.2\bin;C:\WINDOWS\SYSTEM32;C:\WINDOWS\WinSxS\amd64_microsoft.windows.common-controls_6595b64144ccf1df_6.0.18362.1854_none_9e7e6453e45e0f86;C:\Program Files\Java\jdk-12.0.2\bin\server;C:\Program Files\JetBrains\IntelliJ IDEA Community Edition 2022.2\bin

VM Arguments:
jvm_args: -javaagent:C:\Program Files\JetBrains\IntelliJ IDEA Community Edition 2022.2\lib\idea_rt.jar=54522:C:\Program Files\JetBrains\IntelliJ IDEA Community Edition 2022.2\bin -Dfile.encoding=UTF-8 
java_command: com.bank.person.PersonApplication
java_class_path (initial): C:\Users\mttitora\Desktop\PROYECTOS-GIT\person\target\classes;C:\Users\mttitora\.m2\repository\org\springframework\boot\spring-boot-starter-actuator\2.7.2\spring-boot-starter-actuator-2.7.2.jar;C:\Users\mttitora\.m2\repository\org\springframework\boot\spring-boot-starter\2.7.2\spring-boot-starter-2.7.2.jar;C:\Users\mttitora\.m2\repository\org\springframework\boot\spring-boot\2.7.2\spring-boot-2.7.2.jar;C:\Users\mttitora\.m2\repository\org\springframework\boot\spring-boot-autoconfigure\2.7.2\spring-boot-autoconfigure-2.7.2.jar;C:\Users\mttitora\.m2\repository\org\springframework\boot\spring-boot-starter-logging\2.7.2\spring-boot-starter-logging-2.7.2.jar;C:\Users\mttitora\.m2\repository\ch\qos\logback\logback-classic\1.2.11\logback-classic-1.2.11.jar;C:\Users\mttitora\.m2\repository\ch\qos\logback\logback-core\1.2.11\logback-core-1.2.11.jar;C:\Users\mttitora\.m2\repository\org\apache\logging\log4j\log4j-to-slf4j\2.17.2\log4j-to-slf4j-2.17.2.jar;C:\Users\mttitora\.m2\repository\org\apache\logging\log4j\log4j-api\2.17.2\log4j-api-2.17.2.jar;C:\Users\mttitora\.m2\repository\org\slf4j\jul-to-slf4j\1.7.36\jul-to-slf4j-1.7.36.jar;C:\Users\mttitora\.m2\repository\jakarta\annotation\jakarta.annotation-api\1.3.5\jakarta.annotation-api-1.3.5.jar;C:\Users\mttitora\.m2\repository\org\yaml\snakeyaml\1.30\snakeyaml-1.30.jar;C:\Users\mttitora\.m2\repository\org\springframework\boot\spring-boot-actuator-autoconfigure\2.7.2\spring-boot-actuator-autoconfigure-2.7.2.jar;C:\Users\mttitora\.m2\repository\org\springframework\boot\spring-boot-actuator\2.7.2\spring-boot-actuator-2.7.2.jar;C:\Users\mttitora\.m2\repository\com\fasterxml\jackson\datatype\jackson-datatype-jsr310\2.13.3\jackson-datatype-jsr310-2.13.3.jar;C:\Users\mttitora\.m2\repository\io\micrometer\micrometer-core\1.9.2\micrometer-core-1.9.2.jar;C:\Users\mttitora\.m2\repository\org\hdrhistogram\HdrHistogram\2.1.12\HdrHistogram-2.1.12.jar;C:\Users\mttitora\.m2\repository\org\latencyutils\LatencyUtil
Launcher Type: SUN_STANDARD

[Global flags]
     intx CICompilerCount                          = 4                                         {product} {ergonomic}
     uint ConcGCThreads                            = 2                                         {product} {ergonomic}
     uint G1ConcRefinementThreads                  = 8                                         {product} {ergonomic}
   size_t G1HeapRegionSize                         = 1048576                                   {product} {ergonomic}
    uintx GCDrainStackTargetSize                   = 64                                        {product} {ergonomic}
   size_t InitialHeapSize                          = 130023424                                 {product} {ergonomic}
   size_t MarkStackSize                            = 4194304                                   {product} {ergonomic}
   size_t MaxHeapSize                              = 2074083328                                {product} {ergonomic}
   size_t MaxNewSize                               = 1243611136                                {product} {ergonomic}
   size_t MinHeapDeltaBytes                        = 1048576                                   {product} {ergonomic}
    uintx NonNMethodCodeHeapSize                   = 5836300                                {pd product} {ergonomic}
    uintx NonProfiledCodeHeapSize                  = 122910970                              {pd product} {ergonomic}
    uintx ProfiledCodeHeapSize                     = 122910970                              {pd product} {ergonomic}
    uintx ReservedCodeCacheSize                    = 251658240                              {pd product} {ergonomic}
     bool SegmentedCodeCache                       = true                                      {product} {ergonomic}
     bool UseCompressedClassPointers               = true                                 {lp64_product} {ergonomic}
     bool UseCompressedOops                        = true                                 {lp64_product} {ergonomic}
     bool UseG1GC                                  = true                                      {product} {ergonomic}
     bool UseLargePagesIndividualAllocation        = false                                  {pd product} {ergonomic}

Logging:
Log output configuration:
 #0: stdout all=warning uptime,level,tags
 #1: stderr all=off uptime,level,tags

Environment Variables:
JAVA_HOME=C:\Program Files\Java\jdk-11.0.15
PATH=C:\Program Files\Common Files\Oracle\Java\javapath;C:\app\everis\product\11.2.0\client_1\bin;C:\WINDOWS\system32;C:\WINDOWS;C:\WINDOWS\System32\Wbem;C:\WINDOWS\System32\WindowsPowerShell\v1.0\;C:\WINDOWS\System32\OpenSSH\;c:\Program Files (x86)\Microsoft SQL Server\100\Tools\Binn\;c:\Program Files\Microsoft SQL Server\100\Tools\Binn\;c:\Program Files\Microsoft SQL Server\100\DTS\Binn\;C:\Program Files\TortoiseSVN\bin;C:\Program Files\Java\jdk-11.0.15\bin;C:\Users\mttitora\.m2\wrapper\dists\apache-maven-3.8.6-bin\1ks0nkde5v1pk9vtc31i9d0lcd\apache-maven-3.8.6\bin;;C:\Program Files\Docker\Docker\resources\bin;C:\ProgramData\DockerDesktop\version-bin;C:\Users\mttitora\AppData\Local\Microsoft\WindowsApps;C:\Users\mttitora\AppData\Local\Programs\Git\cmd;C:\Program Files\mongosh\
USERNAME=mttitora
OS=Windows_NT
PROCESSOR_IDENTIFIER=Intel64 Family 6 Model 142 Stepping 12, GenuineIntel



---------------  S Y S T E M  ---------------

OS: Windows 10 , 64 bit Build 18362 (10.0.18362.1766)

CPU:total 8 (initial active 8) (4 cores per cpu, 2 threads per core) family 6 model 142 stepping 12, cmov, cx8, fxsr, mmx, sse, sse2, sse3, ssse3, sse4.1, sse4.2, popcnt, avx, avx2, aes, clmul, erms, 3dnowpref, lzcnt, ht, tsc, tscinvbit, bmi1, bmi2, adx, fma

Memory: 4k page, system-wide physical 7910M (328M free)
TotalPageFile size 17236M (AvailPageFile size 3M)
current process WorkingSet (physical memory assigned to process): 258M, peak: 259M
current process commit charge ("private bytes"): 308M, peak: 310M

vm_info: Java HotSpot(TM) 64-Bit Server VM (12.0.2+10) for windows-amd64 JRE (12.0.2+10), built on Jul 16 2019 01:56:17 by "mach5one" with MS VC++ 15.5 (VS2017)

END.
